#
# There is insufficient memory for the Java Runtime Environment to continue.
# Native memory allocation (mmap) failed to map 65536 bytes for Failed to commit metaspace.
# Possible reasons:
#   The system is out of physical RAM or swap space
#   The process is running with CompressedOops enabled, and the Java Heap may be blocking the growth of the native heap
# Possible solutions:
#   Reduce memory load on the system
#   Increase physical memory or swap space
#   Check if swap backing store is full
#   Decrease Java heap size (-Xmx/-Xms)
#   Decrease number of Java threads
#   Decrease Java thread stack sizes (-Xss)
#   Set larger code cache with -XX:ReservedCodeCacheSize=
#   JVM is running with Unscaled Compressed Oops mode in which the Java heap is
#     placed in the first 4GB address space. The Java Heap base address is the
#     maximum limit for the native heap growth. Please use -XX:HeapBaseMinAddress
#     to set the Java Heap base and to place the Java Heap above 4GB virtual address.
# This output file may be truncated or incomplete.
#
#  Out of Memory Error (virtualSpaceNode.cpp:110), pid=6452, tid=16728
#
# JRE version: Java(TM) SE Runtime Environment (20.0.2+9) (build 20.0.2+9-78)
# Java VM: Java HotSpot(TM) 64-Bit Server VM (20.0.2+9-78, mixed mode, sharing, tiered, compressed oops, compressed class ptrs, g1 gc, windows-amd64)
# No core dump will be written. Minidumps are not enabled by default on client versions of Windows
#

---------------  S U M M A R Y ------------

Command Line: -Dclassworlds.conf=C:\Program Files\NetBeans-17\netbeans\java\maven\bin\m2.conf -Dmaven.home=C:\Program Files\NetBeans-17\netbeans\java\maven -Dlibrary.jansi.path=C:\Program Files\NetBeans-17\netbeans\java\maven\lib\jansi-native -Dmaven.multiModuleProjectDirectory=C:\Users\JOHN\Documents\Java\JavaNotesProfessional org.codehaus.plexus.classworlds.launcher.Launcher -Dexec.vmArgs= -Dexec.args=${exec.vmArgs} -classpath %classpath ${exec.mainClass} ${exec.appArgs} -Dexec.appArgs= -Dexec.mainClass=com.mycompany.javanotesprofessional.JavaNotesProfessional -Dexec.executable=C:\Program Files\Java\jdk-20\bin\java.exe -Dmaven.ext.class.path=C:\Program Files\NetBeans-17\netbeans\java\maven-nblib\netbeans-eventspy.jar --no-transfer-progress org.codehaus.mojo:exec-maven-plugin:3.1.0:exec

Host: AMD Ryzen 3 4300U with Radeon Graphics         , 4 cores, 3G,  Windows 11 , 64 bit Build 22621 (10.0.22621.3958)
Time: Sat Oct 26 14:11:06 2024 Hora est. Pacífico, Sudamérica elapsed time: 2.034753 seconds (0d 0h 0m 2s)

---------------  T H R E A D  ---------------

Current thread (0x0000023fc5814950):  JavaThread "main" [_thread_in_vm, id=16728, stack(0x000000bee9800000,0x000000bee9900000)]

Stack: [0x000000bee9800000,0x000000bee9900000]
Native frames: (J=compiled Java code, j=interpreted, Vv=VM code, C=native code)
V  [jvm.dll+0x6bc25a]
V  [jvm.dll+0x84971a]
V  [jvm.dll+0x84b315]
V  [jvm.dll+0x84ba13]
V  [jvm.dll+0x280e4f]
V  [jvm.dll+0x84565b]
V  [jvm.dll+0x660616]
V  [jvm.dll+0x1eb7b7]
V  [jvm.dll+0x663032]
V  [jvm.dll+0x662e1e]
V  [jvm.dll+0x66102e]
V  [jvm.dll+0x26dde1]
V  [jvm.dll+0x21c177]
V  [jvm.dll+0x211a50]
V  [jvm.dll+0x59c7cc]
V  [jvm.dll+0x7c42a3]
V  [jvm.dll+0x7c4384]
V  [jvm.dll+0x46ca64]
V  [jvm.dll+0x471fc8]
C  [java.dll+0x17ec]

Java frames: (J=compiled Java code, j=interpreted, Vv=VM code)
j  java.lang.ClassLoader.defineClass1(Ljava/lang/ClassLoader;Ljava/lang/String;[BIILjava/security/ProtectionDomain;Ljava/lang/String;)Ljava/lang/Class;+0 java.base@20.0.2
J 768 c1 java.lang.ClassLoader.defineClass(Ljava/lang/String;[BIILjava/security/ProtectionDomain;)Ljava/lang/Class; java.base@20.0.2 (43 bytes) @ 0x0000023fcda350dc [0x0000023fcda34d80+0x000000000000035c]
J 767 c1 java.security.SecureClassLoader.defineClass(Ljava/lang/String;[BIILjava/security/CodeSource;)Ljava/lang/Class; java.base@20.0.2 (16 bytes) @ 0x0000023fcda349f4 [0x0000023fcda34920+0x00000000000000d4]
j  java.net.URLClassLoader.defineClass(Ljava/lang/String;Ljdk/internal/loader/Resource;)Ljava/lang/Class;+220 java.base@20.0.2
j  java.net.URLClassLoader$1.run()Ljava/lang/Class;+43 java.base@20.0.2
j  java.net.URLClassLoader$1.run()Ljava/lang/Object;+1 java.base@20.0.2
J 502 c1 java.security.AccessController.doPrivileged(Ljava/security/PrivilegedExceptionAction;Ljava/security/AccessControlContext;)Ljava/lang/Object; java.base@20.0.2 (26 bytes) @ 0x0000023fcd9a18e4 [0x0000023fcd9a1700+0x00000000000001e4]
j  java.net.URLClassLoader.findClass(Ljava/lang/String;)Ljava/lang/Class;+13 java.base@20.0.2
j  org.codehaus.plexus.classworlds.realm.ClassRealm.loadClassFromSelf(Ljava/lang/String;)Ljava/lang/Class;+20
j  org.codehaus.plexus.classworlds.strategy.SelfFirstStrategy.loadClass(Ljava/lang/String;)Ljava/lang/Class;+18
J 783 c1 org.codehaus.plexus.classworlds.realm.ClassRealm.loadClass(Ljava/lang/String;Z)Ljava/lang/Class; (33 bytes) @ 0x0000023fcda3f8ac [0x0000023fcda3f740+0x000000000000016c]
J 508 c1 org.codehaus.plexus.classworlds.realm.ClassRealm.loadClass(Ljava/lang/String;)Ljava/lang/Class; (7 bytes) @ 0x0000023fcd9a4fbc [0x0000023fcd9a4f20+0x000000000000009c]
v  ~StubRoutines::call_stub 0x0000023fd4e1100d
j  com.google.inject.internal.Errors.<init>()V+15
j  com.google.inject.internal.InternalInjectorCreator.<init>()V+20
j  com.google.inject.Guice.createInjector(Lcom/google/inject/Stage;Ljava/lang/Iterable;)Lcom/google/inject/Injector;+4
j  com.google.inject.Guice.createInjector(Ljava/lang/Iterable;)Lcom/google/inject/Injector;+4
j  com.google.inject.Guice.createInjector([Lcom/google/inject/Module;)Lcom/google/inject/Injector;+4
j  org.codehaus.plexus.DefaultPlexusContainer.addPlexusInjector(Ljava/util/List;[Lcom/google/inject/Module;)Lcom/google/inject/Injector;+88
j  org.codehaus.plexus.DefaultPlexusContainer.<init>(Lorg/codehaus/plexus/ContainerConfiguration;[Lcom/google/inject/Module;)V+396
j  org.apache.maven.cli.MavenCli.container(Lorg/apache/maven/cli/CliRequest;)Lorg/codehaus/plexus/PlexusContainer;+275
j  org.apache.maven.cli.MavenCli.doMain(Lorg/apache/maven/cli/CliRequest;)I+34
j  org.apache.maven.cli.MavenCli.main([Ljava/lang/String;Lorg/codehaus/plexus/classworlds/ClassWorld;)I+24
j  java.lang.invoke.DirectMethodHandle$Holder.invokeStatic(Ljava/lang/Object;Ljava/lang/Object;Ljava/lang/Object;)I+11 java.base@20.0.2
j  java.lang.invoke.LambdaForm$MH+0x0000023f81009400.invoke(Ljava/lang/Object;Ljava/lang/Object;Ljava/lang/Object;Ljava/lang/Object;)Ljava/lang/Object;+54 java.base@20.0.2
j  java.lang.invoke.LambdaForm$MH+0x0000023f81009800.invokeExact_MT(Ljava/lang/Object;Ljava/lang/Object;Ljava/lang/Object;Ljava/lang/Object;Ljava/lang/Object;)Ljava/lang/Object;+22 java.base@20.0.2
j  jdk.internal.reflect.DirectMethodHandleAccessor.invokeImpl(Ljava/lang/Object;[Ljava/lang/Object;)Ljava/lang/Object;+72 java.base@20.0.2
j  jdk.internal.reflect.DirectMethodHandleAccessor.invoke(Ljava/lang/Object;[Ljava/lang/Object;)Ljava/lang/Object;+23 java.base@20.0.2
j  java.lang.reflect.Method.invoke(Ljava/lang/Object;[Ljava/lang/Object;)Ljava/lang/Object;+102 java.base@20.0.2
j  org.codehaus.plexus.classworlds.launcher.Launcher.launchEnhanced([Ljava/lang/String;)V+45
j  org.codehaus.plexus.classworlds.launcher.Launcher.launch([Ljava/lang/String;)V+2
j  org.codehaus.plexus.classworlds.launcher.Launcher.mainWithExitCode([Ljava/lang/String;)I+101
j  org.codehaus.plexus.classworlds.launcher.Launcher.main([Ljava/lang/String;)V+1
v  ~StubRoutines::call_stub 0x0000023fd4e1100d

Compiled method (c1)    2173  768       3       java.lang.ClassLoader::defineClass (43 bytes)
 total in heap  [0x0000023fcda34b90,0x0000023fcda354b8] = 2344
 relocation     [0x0000023fcda34cd8,0x0000023fcda34d70] = 152
 main code      [0x0000023fcda34d80,0x0000023fcda35210] = 1168
 stub code      [0x0000023fcda35210,0x0000023fcda35288] = 120
 metadata       [0x0000023fcda35288,0x0000023fcda352b8] = 48
 scopes data    [0x0000023fcda352b8,0x0000023fcda353a8] = 240
 scopes pcs     [0x0000023fcda353a8,0x0000023fcda35488] = 224
 dependencies   [0x0000023fcda35488,0x0000023fcda35490] = 8
 nul chk table  [0x0000023fcda35490,0x0000023fcda354b8] = 40

[Constant Pool (empty)]

[MachCode]
[Entry Point]
  # {method} {0x0000023f804390d0} 'defineClass' '(Ljava/lang/String;[BIILjava/security/ProtectionDomain;)Ljava/lang/Class;' in 'java/lang/ClassLoader'
  # this:     rdx:rdx   = 'java/lang/ClassLoader'
  # parm0:    r8:r8     = 'java/lang/String'
  # parm1:    r9:r9     = '[B'
  # parm2:    rdi       = int
  # parm3:    rsi       = int
  # parm4:    rcx:rcx   = 'java/security/ProtectionDomain'
  #           [sp+0xc0]  (sp of caller)
  0x0000023fcda34d80: 448b 5208 | 49bb 0000 | 0080 3f02 | 0000 4d03 | d34c 3bd0 

  0x0000023fcda34d94: ;   {runtime_call ic_miss_stub}
  0x0000023fcda34d94: 0f85 66f0 | 4307 660f | 1f44 0000 
[Verified Entry Point]
  0x0000023fcda34da0: 8984 2400 | 80ff ff55 | 4881 ecb0 | 0000 0090 | 4181 7f20 | 0100 0000 

  0x0000023fcda34db8: ;   {runtime_call StubRoutines (2)}
  0x0000023fcda34db8: 7405 e821 | 3942 0748 | 8954 2478 

  0x0000023fcda34dc4: ;   {metadata(method data for {method} {0x0000023f804390d0} 'defineClass' '(Ljava/lang/String;[BIILjava/security/ProtectionDomain;)Ljava/lang/Class;' in 'java/lang/ClassLoader')}
  0x0000023fcda34dc4: 48bb d0cf | 51e0 3f02 | 0000 8b83 | cc00 0000 | 83c0 0289 | 83cc 0000 | 0025 fe07 | 0000 83f8 
  0x0000023fcda34de4: 000f 8447 | 0300 0089 | b424 9400 | 0000 89bc | 2490 0000 | 004c 898c | 2488 0000 | 0048 8bda 
  0x0000023fcda34e04: ;   {metadata(method data for {method} {0x0000023f804390d0} 'defineClass' '(Ljava/lang/String;[BIILjava/security/ProtectionDomain;)Ljava/lang/Class;' in 'java/lang/ClassLoader')}
  0x0000023fcda34e04: 48b8 d0cf | 51e0 3f02 | 0000 4883 | 8010 0100 | 0001 498b | d84c 8bc3 | 4c8b c948 | 8bca 488b 
  0x0000023fcda34e24: d148 899c | 2480 0000 

  0x0000023fcda34e2c: ;   {optimized virtual_call}
  0x0000023fcda34e2c: 0066 90e8 

  0x0000023fcda34e30: ; ImmutableOopMap {[120]=Oop [128]=Oop [136]=Oop }
                      ;*invokevirtual preDefineClass {reexecute=0 rethrow=0 return_oop=0}
                      ; - java.lang.ClassLoader::defineClass@4 (line 1011)
  0x0000023fcda34e30: 2104 0000 | 4889 8424 | 9800 0000 | 488b 5424 

  0x0000023fcda34e40: ;   {metadata(method data for {method} {0x0000023f804390d0} 'defineClass' '(Ljava/lang/String;[BIILjava/security/ProtectionDomain;)Ljava/lang/Class;' in 'java/lang/ClassLoader')}
  0x0000023fcda34e40: 7849 b8d0 | cf51 e03f | 0200 0049 | 8380 4801 

  0x0000023fcda34e50: ;   {metadata(method data for {method} {0x0000023f80438e10} 'defineClassSourceLocation' '(Ljava/security/ProtectionDomain;)Ljava/lang/String;' in 'java/lang/ClassLoader')}
  0x0000023fcda34e50: 0000 0149 | b8e8 d651 | e03f 0200 | 0041 8b90 | cc00 0000 | 83c2 0241 | 8990 cc00 | 0000 81e2 
  0x0000023fcda34e70: feff 1f00 | 83fa 000f | 84d6 0200 | 0048 3b00 

  0x0000023fcda34e80: ;   {metadata(method data for {method} {0x0000023f80438e10} 'defineClassSourceLocation' '(Ljava/security/ProtectionDomain;)Ljava/lang/String;' in 'java/lang/ClassLoader')}
  0x0000023fcda34e80: 4c8b c048 | bae8 d651 | e03f 0200 | 0048 8382 | 1001 0000 | 0144 8b40 | 1049 83f8 

  0x0000023fcda34e9c: ;   {metadata(method data for {method} {0x0000023f80438e10} 'defineClassSourceLocation' '(Ljava/security/ProtectionDomain;)Ljava/lang/String;' in 'java/lang/ClassLoader')}
  0x0000023fcda34e9c: 0048 bae8 | d651 e03f | 0200 0048 | be58 0100 | 0000 0000 | 000f 850a | 0000 0048 | be48 0100 
  0x0000023fcda34ebc: 0000 0000 | 0048 8b3c | 3248 8d7f | 0148 893c | 320f 850f 

  0x0000023fcda34ed0: ;   {oop(NULL)}
  0x0000023fcda34ed0: 0000 0048 | bb00 0000 | 0000 0000 | 00e9 a501 | 0000 493b | 0049 8bd0 

  0x0000023fcda34ee8: ;   {metadata(method data for {method} {0x0000023f80438e10} 'defineClassSourceLocation' '(Ljava/security/ProtectionDomain;)Ljava/lang/String;' in 'java/lang/ClassLoader')}
  0x0000023fcda34ee8: 48be e8d6 | 51e0 3f02 | 0000 4883 | 8668 0100 | 0001 418b | 500c 4883 

  0x0000023fcda34f00: ;   {metadata(method data for {method} {0x0000023f80438e10} 'defineClassSourceLocation' '(Ljava/security/ProtectionDomain;)Ljava/lang/String;' in 'java/lang/ClassLoader')}
  0x0000023fcda34f00: fa00 48be | e8d6 51e0 | 3f02 0000 | 48bf b001 | 0000 0000 | 0000 0f85 | 0a00 0000 | 48bf a001 
  0x0000023fcda34f20: 0000 0000 | 0000 488b | 1c3e 488d | 5b01 4889 | 1c3e 0f85 | 0f00 0000 

  0x0000023fcda34f38: ;   {oop(NULL)}
  0x0000023fcda34f38: 48bb 0000 | 0000 0000 | 0000 e940 

  0x0000023fcda34f44: ;   {metadata(method data for {method} {0x0000023f80438e10} 'defineClassSourceLocation' '(Ljava/security/ProtectionDomain;)Ljava/lang/String;' in 'java/lang/ClassLoader')}
  0x0000023fcda34f44: 0100 0048 | bee8 d651 | e03f 0200 | 0048 8386 | c001 0000 | 0148 3b02 

  0x0000023fcda34f5c: ;   {metadata(method data for {method} {0x0000023f80438e10} 'defineClassSourceLocation' '(Ljava/security/ProtectionDomain;)Ljava/lang/String;' in 'java/lang/ClassLoader')}
  0x0000023fcda34f5c: 4c8b c248 | bee8 d651 | e03f 0200 | 0048 8386 | f801 0000 

  0x0000023fcda34f70: ;   {metadata(method data for {method} {0x0000023f8001b3e0} 'toString' '()Ljava/lang/String;' in 'java/net/URL')}
  0x0000023fcda34f70: 0149 b848 | ea50 e03f | 0200 0041 | 8bb0 cc00 | 0000 83c6 | 0241 89b0 | cc00 0000 | 81e6 feff 
  0x0000023fcda34f90: 1f00 83fe | 000f 84e8 | 0100 004c 

  0x0000023fcda34f9c: ;   {metadata(method data for {method} {0x0000023f8001b3e0} 'toString' '()Ljava/lang/String;' in 'java/net/URL')}
  0x0000023fcda34f9c: 8bc2 48be | 48ea 50e0 | 3f02 0000 | 4883 8610 | 0100 0001 

  0x0000023fcda34fb0: ;   {metadata(method data for {method} {0x0000023f8042c908} 'toExternalForm' '()Ljava/lang/String;' in 'java/net/URL')}
  0x0000023fcda34fb0: 49b8 3871 | 50e0 3f02 | 0000 418b | b0cc 0000 | 0083 c602 | 4189 b0cc | 0000 0081 | e6fe ff1f 
  0x0000023fcda34fd0: 0083 fe00 | 0f84 ca01 | 0000 8b72 | 3848 3b06 

  0x0000023fcda34fe0: ;   {metadata(method data for {method} {0x0000023f8042c908} 'toExternalForm' '()Ljava/lang/String;' in 'java/net/URL')}
  0x0000023fcda34fe0: 4c8b c648 | bf38 7150 | e03f 0200 | 0045 8b40 | 0849 ba00 | 0000 803f | 0200 004d | 03c2 4c3b 
  0x0000023fcda35000: 8720 0100 | 0075 0d48 | 8387 2801 | 0000 01e9 | 6000 0000 | 4c3b 8730 | 0100 0075 | 0d48 8387 
  0x0000023fcda35020: 3801 0000 | 01e9 4a00 | 0000 4883 | bf20 0100 | 0000 7517 | 4c89 8720 | 0100 0048 | c787 2801 
  0x0000023fcda35040: 0000 0100 | 0000 e929 | 0000 0048 | 83bf 3001 | 0000 0075 | 174c 8987 | 3001 0000 | 48c7 8738 
  0x0000023fcda35060: 0100 0001 | 0000 00e9 | 0800 0000 | 4883 8710 | 0100 0001 | 4c8b c248 | 8bd6 0f1f 

  0x0000023fcda3507c: ;   {optimized virtual_call}
  0x0000023fcda3507c: 4400 00e8 

  0x0000023fcda35080: ; ImmutableOopMap {[120]=Oop [128]=Oop [136]=Oop [152]=Oop }
                      ;*invokevirtual toExternalForm {reexecute=0 rethrow=0 return_oop=0}
                      ; - java.net.URL::toExternalForm@5 (line 1195)
                      ; - java.net.URL::toString@1 (line 1181)
                      ; - java.lang.ClassLoader::defineClassSourceLocation@22 (line 913)
                      ; - java.lang.ClassLoader::defineClass@12 (line 1012)
  0x0000023fcda35080: dc0e fcff | 488b d848 | 8b84 2498 | 0000 008b | b424 9400 | 0000 8bbc | 2490 0000 | 004c 8b8c 
  0x0000023fcda350a0: 2488 0000 | 004c 8b84 | 2480 0000 | 0048 8b54 

  0x0000023fcda350b0: ;   {metadata(method data for {method} {0x0000023f804390d0} 'defineClass' '(Ljava/lang/String;[BIILjava/security/ProtectionDomain;)Ljava/lang/Class;' in 'java/lang/ClassLoader')}
  0x0000023fcda350b0: 2478 48b9 | d0cf 51e0 | 3f02 0000 | 4883 8180 | 0100 0001 | 4c8b da49 | 8bd3 488b | c848 891c 
  0x0000023fcda350d0: 2466 0f1f 

  0x0000023fcda350d4: ;   {static_call}
  0x0000023fcda350d4: 4400 00e8 

  0x0000023fcda350d8: ; ImmutableOopMap {[120]=Oop [152]=Oop }
                      ;*invokestatic defineClass1 {reexecute=0 rethrow=0 return_oop=0}
                      ; - java.lang.ClassLoader::defineClass@27 (line 1013)
  0x0000023fcda350d8: 8801 0000 | 488b 5424 

  0x0000023fcda350e0: ;   {metadata(method data for {method} {0x0000023f804390d0} 'defineClass' '(Ljava/lang/String;[BIILjava/security/ProtectionDomain;)Ljava/lang/Class;' in 'java/lang/ClassLoader')}
  0x0000023fcda350e0: 7849 b8d0 | cf51 e03f | 0200 0049 | 8380 9001 | 0000 014c | 8bc0 4c8b | 8c24 9800 | 0000 488b 
  0x0000023fcda35100: 5424 7848 | 8984 24a0 | 0000 000f 

  0x0000023fcda3510c: ;   {optimized virtual_call}
  0x0000023fcda3510c: 1f40 00e8 

  0x0000023fcda35110: ; ImmutableOopMap {[160]=Oop }
                      ;*invokevirtual postDefineClass {reexecute=0 rethrow=0 return_oop=0}
                      ; - java.lang.ClassLoader::defineClass@37 (line 1014)
  0x0000023fcda35110: 6cba ffff | 488b 8424 | a000 0000 | 4881 c4b0 | 0000 005d 

  0x0000023fcda35124: ;   {poll_return}
  0x0000023fcda35124: 493b a778 | 0300 000f | 8799 0000 

  0x0000023fcda35130: ;   {metadata({method} {0x0000023f804390d0} 'defineClass' '(Ljava/lang/String;[BIILjava/security/ProtectionDomain;)Ljava/lang/Class;' in 'java/lang/ClassLoader')}
  0x0000023fcda35130: 00c3 49ba | c890 4380 | 3f02 0000 | 4c89 5424 | 0848 c704 | 24ff ffff 

  0x0000023fcda35148: ;   {runtime_call counter_overflow Runtime1 stub}
  0x0000023fcda35148: ffe8 32f8 

  0x0000023fcda3514c: ; ImmutableOopMap {rdx=Oop r8=Oop r9=Oop rcx=Oop [120]=Oop }
                      ;*synchronization entry
                      ; - java.lang.ClassLoader::defineClass@-1 (line 1011)
  0x0000023fcda3514c: 4f07 e998 

  0x0000023fcda35150: ;   {metadata({method} {0x0000023f80438e10} 'defineClassSourceLocation' '(Ljava/security/ProtectionDomain;)Ljava/lang/String;' in 'java/lang/ClassLoader')}
  0x0000023fcda35150: fcff ff49 | ba08 8e43 | 803f 0200 | 004c 8954 | 2408 48c7 | 0424 ffff 

  0x0000023fcda35168: ;   {runtime_call counter_overflow Runtime1 stub}
  0x0000023fcda35168: ffff e811 

  0x0000023fcda3516c: ; ImmutableOopMap {rax=Oop [120]=Oop [128]=Oop [136]=Oop [152]=Oop }
                      ;*synchronization entry
                      ; - java.lang.ClassLoader::defineClassSourceLocation@-1 (line 910)
                      ; - java.lang.ClassLoader::defineClass@12 (line 1012)
  0x0000023fcda3516c: f84f 07e9 | 09fd ffff 

  0x0000023fcda35174: ;   {runtime_call throw_null_pointer_exception Runtime1 stub}
  0x0000023fcda35174: e807 a74f 

  0x0000023fcda35178: ; ImmutableOopMap {rax=Oop [120]=Oop [128]=Oop [136]=Oop [152]=Oop }
                      ;*invokevirtual getCodeSource {reexecute=0 rethrow=0 return_oop=0}
                      ; - java.lang.ClassLoader::defineClassSourceLocation@1 (line 910)
                      ; - java.lang.ClassLoader::defineClass@12 (line 1012)
                      ;   {runtime_call throw_null_pointer_exception Runtime1 stub}
  0x0000023fcda35178: 07e8 02a7 

  0x0000023fcda3517c: ; ImmutableOopMap {rax=Oop r8=Oop [120]=Oop [128]=Oop [136]=Oop [152]=Oop }
                      ;*invokevirtual getLocation {reexecute=0 rethrow=0 return_oop=0}
                      ; - java.lang.ClassLoader::defineClassSourceLocation@12 (line 912)
                      ; - java.lang.ClassLoader::defineClass@12 (line 1012)
                      ;   {runtime_call throw_null_pointer_exception Runtime1 stub}
  0x0000023fcda3517c: 4f07 e8fd 

  0x0000023fcda35180: ; ImmutableOopMap {rdx=Oop [120]=Oop [128]=Oop [136]=Oop [152]=Oop }
                      ;*invokevirtual toString {reexecute=0 rethrow=0 return_oop=0}
                      ; - java.lang.ClassLoader::defineClassSourceLocation@22 (line 913)
                      ; - java.lang.ClassLoader::defineClass@12 (line 1012)
                      ;   {metadata({method} {0x0000023f8001b3e0} 'toString' '()Ljava/lang/String;' in 'java/net/URL')}
  0x0000023fcda35180: a64f 0749 | bad8 b301 | 803f 0200 | 004c 8954 | 2408 48c7 | 0424 ffff 

  0x0000023fcda35198: ;   {runtime_call counter_overflow Runtime1 stub}
  0x0000023fcda35198: ffff e8e1 

  0x0000023fcda3519c: ; ImmutableOopMap {rdx=Oop [120]=Oop [128]=Oop [136]=Oop [152]=Oop }
                      ;*synchronization entry
                      ; - java.net.URL::toString@-1 (line 1181)
                      ; - java.lang.ClassLoader::defineClassSourceLocation@22 (line 913)
                      ; - java.lang.ClassLoader::defineClass@12 (line 1012)
  0x0000023fcda3519c: f74f 07e9 | f7fd ffff 

  0x0000023fcda351a4: ;   {metadata({method} {0x0000023f8042c908} 'toExternalForm' '()Ljava/lang/String;' in 'java/net/URL')}
  0x0000023fcda351a4: 49ba 00c9 | 4280 3f02 | 0000 4c89 | 5424 0848 | c704 24ff 

  0x0000023fcda351b8: ;   {runtime_call counter_overflow Runtime1 stub}
  0x0000023fcda351b8: ffff ffe8 

  0x0000023fcda351bc: ; ImmutableOopMap {rdx=Oop [120]=Oop [128]=Oop [136]=Oop [152]=Oop }
                      ;*synchronization entry
                      ; - java.net.URL::toExternalForm@-1 (line 1195)
                      ; - java.net.URL::toString@1 (line 1181)
                      ; - java.lang.ClassLoader::defineClassSourceLocation@22 (line 913)
                      ; - java.lang.ClassLoader::defineClass@12 (line 1012)
  0x0000023fcda351bc: c0f7 4f07 | e915 feff 

  0x0000023fcda351c4: ;   {runtime_call throw_null_pointer_exception Runtime1 stub}
  0x0000023fcda351c4: ffe8 b6a6 

  0x0000023fcda351c8: ; ImmutableOopMap {rdx=Oop rsi=Oop [120]=Oop [128]=Oop [136]=Oop [152]=Oop }
                      ;*invokevirtual toExternalForm {reexecute=0 rethrow=0 return_oop=0}
                      ; - java.net.URL::toExternalForm@5 (line 1195)
                      ; - java.net.URL::toString@1 (line 1181)
                      ; - java.lang.ClassLoader::defineClassSourceLocation@22 (line 913)
                      ; - java.lang.ClassLoader::defineClass@12 (line 1012)
                      ;   {internal_word}
  0x0000023fcda351c8: 4f07 49ba | 2451 a3cd | 3f02 0000 | 4d89 9790 

  0x0000023fcda351d8: ;   {runtime_call SafepointBlob}
  0x0000023fcda351d8: 0300 00e9 | a05b 4407 | 498b 8728 | 0400 0049 | c787 2804 | 0000 0000 | 0000 49c7 | 8730 0400 
  0x0000023fcda351f8: 0000 0000 | 0048 81c4 | b000 0000 

  0x0000023fcda35204: ;   {runtime_call unwind_exception Runtime1 stub}
  0x0000023fcda35204: 5de9 7694 | 4f07 f4f4 | f4f4 f4f4 
[Stub Code]
  0x0000023fcda35210: ;   {no_reloc}
  0x0000023fcda35210: 0f1f 4400 

  0x0000023fcda35214: ;   {static_stub}
  0x0000023fcda35214: 0048 bb00 | 0000 0000 

  0x0000023fcda3521c: ;   {runtime_call}
  0x0000023fcda3521c: 0000 00e9 | fbff ffff 
[Exception Handler]
  0x0000023fcda35224: ;   {runtime_call handle_exception_from_callee Runtime1 stub}
  0x0000023fcda35224: e857 c44f 

  0x0000023fcda35228: ;   {external_word}
  0x0000023fcda35228: 0748 b9b0 | 339b d2ff | 7f00 0048 

  0x0000023fcda35234: ;   {runtime_call}
  0x0000023fcda35234: 83e4 f048 | b860 1d67 | d2ff 7f00 | 00ff d0f4 
[Deopt Handler Code]
  0x0000023fcda35244: ;   {section_word}
  0x0000023fcda35244: 49ba 4452 | a3cd 3f02 | 0000 4152 

  0x0000023fcda35250: ;   {runtime_call DeoptimizationBlob}
  0x0000023fcda35250: e9cb 4d44 

  0x0000023fcda35254: ;   {static_stub}
  0x0000023fcda35254: 0748 bb60 | 8e43 803f 

  0x0000023fcda3525c: ;   {runtime_call I2C/C2I adapters}
  0x0000023fcda3525c: 0200 00e9 | 77b1 4307 

  0x0000023fcda35264: ;   {static_stub}
  0x0000023fcda35264: 48bb a08d | 4380 3f02 

  0x0000023fcda3526c: ;   {runtime_call I2C/C2I adapters}
  0x0000023fcda3526c: 0000 e9ff 

  0x0000023fcda35270: ;   {static_stub}
  0x0000023fcda35270: 3a43 0748 | bb00 0000 | 0000 0000 

  0x0000023fcda3527c: ;   {runtime_call}
  0x0000023fcda3527c: 00e9 fbff | ffff f4f4 | f4f4 f4f4 
[/MachCode]


Compiled method (c1)    2190  767       3       java.security.SecureClassLoader::defineClass (16 bytes)
 total in heap  [0x0000023fcda34790,0x0000023fcda34b60] = 976
 relocation     [0x0000023fcda348d8,0x0000023fcda34920] = 72
 main code      [0x0000023fcda34920,0x0000023fcda34a68] = 328
 stub code      [0x0000023fcda34a68,0x0000023fcda34ab8] = 80
 metadata       [0x0000023fcda34ab8,0x0000023fcda34ac0] = 8
 scopes data    [0x0000023fcda34ac0,0x0000023fcda34b08] = 72
 scopes pcs     [0x0000023fcda34b08,0x0000023fcda34b58] = 80
 dependencies   [0x0000023fcda34b58,0x0000023fcda34b60] = 8

[Constant Pool (empty)]

[MachCode]
[Entry Point]
  # {method} {0x0000023f8004dc48} 'defineClass' '(Ljava/lang/String;[BIILjava/security/CodeSource;)Ljava/lang/Class;' in 'java/security/SecureClassLoader'
  # this:     rdx:rdx   = 'java/security/SecureClassLoader'
  # parm0:    r8:r8     = 'java/lang/String'
  # parm1:    r9:r9     = '[B'
  # parm2:    rdi       = int
  # parm3:    rsi       = int
  # parm4:    rcx:rcx   = 'java/security/CodeSource'
  #           [sp+0x80]  (sp of caller)
  0x0000023fcda34920: 448b 5208 | 49bb 0000 | 0080 3f02 | 0000 4d03 | d34c 3bd0 

  0x0000023fcda34934: ;   {runtime_call ic_miss_stub}
  0x0000023fcda34934: 0f85 c6f4 | 4307 660f | 1f44 0000 
[Verified Entry Point]
  0x0000023fcda34940: 8984 2400 | 80ff ff55 | 4883 ec70 | 4181 7f20 | 0100 0000 

  0x0000023fcda34954: ;   {runtime_call StubRoutines (2)}
  0x0000023fcda34954: 7405 e885 

  0x0000023fcda34958: ;   {metadata(method data for {method} {0x0000023f8004dc48} 'defineClass' '(Ljava/lang/String;[BIILjava/security/CodeSource;)Ljava/lang/Class;' in 'java/security/SecureClassLoader')}
  0x0000023fcda34958: 3d42 0748 | bbe0 cb51 | e03f 0200 | 008b 83cc | 0000 0083 | c002 8983 | cc00 0000 | 25fe 0700 
  0x0000023fcda34978: 0083 f800 | 0f84 8500 | 0000 8974 | 245c 897c | 2458 4c89 | 4c24 504c | 8944 2448 

  0x0000023fcda34994: ;   {metadata(method data for {method} {0x0000023f8004dc48} 'defineClass' '(Ljava/lang/String;[BIILjava/security/CodeSource;)Ljava/lang/Class;' in 'java/security/SecureClassLoader')}
  0x0000023fcda34994: 488b da48 | b8e0 cb51 | e03f 0200 | 0048 8380 | 1001 0000 | 014c 8bc1 | 488b c248 | 8bd0 4889 
  0x0000023fcda349b4: ;   {optimized virtual_call}
  0x0000023fcda349b4: 4424 40e8 

  0x0000023fcda349b8: ; ImmutableOopMap {[64]=Oop [72]=Oop [80]=Oop }
                      ;*invokevirtual getProtectionDomain {reexecute=0 rethrow=0 return_oop=0}
                      ; - java.security.SecureClassLoader::defineClass@9 (line 150)
  0x0000023fcda349b8: dd00 0000 | 488b 5424 

  0x0000023fcda349c0: ;   {metadata(method data for {method} {0x0000023f8004dc48} 'defineClass' '(Ljava/lang/String;[BIILjava/security/CodeSource;)Ljava/lang/Class;' in 'java/security/SecureClassLoader')}
  0x0000023fcda349c0: 4049 b8e0 | cb51 e03f | 0200 0049 | 8380 4801 | 0000 014c | 8b44 2448 | 4c8b 4c24 | 508b 7c24 
  0x0000023fcda349e0: 588b 7424 | 5c48 8bc8 | 488b 5424 

  0x0000023fcda349ec: ;   {optimized virtual_call}
  0x0000023fcda349ec: 4066 90e8 

  0x0000023fcda349f0: ; ImmutableOopMap {}
                      ;*invokevirtual defineClass {reexecute=0 rethrow=0 return_oop=0}
                      ; - java.security.SecureClassLoader::defineClass@12 (line 150)
  0x0000023fcda349f0: ac03 0000 | 4883 c470 

  0x0000023fcda349f8: ;   {poll_return}
  0x0000023fcda349f8: 5d49 3ba7 | 7803 0000 | 0f87 2200 

  0x0000023fcda34a04: ;   {metadata({method} {0x0000023f8004dc48} 'defineClass' '(Ljava/lang/String;[BIILjava/security/CodeSource;)Ljava/lang/Class;' in 'java/security/SecureClassLoader')}
  0x0000023fcda34a04: 0000 c349 | ba40 dc04 | 803f 0200 | 004c 8954 | 2408 48c7 | 0424 ffff 

  0x0000023fcda34a1c: ;   {runtime_call counter_overflow Runtime1 stub}
  0x0000023fcda34a1c: ffff e85d 

  0x0000023fcda34a20: ; ImmutableOopMap {rdx=Oop r8=Oop r9=Oop rcx=Oop }
                      ;*synchronization entry
                      ; - java.security.SecureClassLoader::defineClass@-1 (line 150)
  0x0000023fcda34a20: ff4f 07e9 | 5aff ffff 

  0x0000023fcda34a28: ;   {internal_word}
  0x0000023fcda34a28: 49ba f949 | a3cd 3f02 | 0000 4d89 | 9790 0300 

  0x0000023fcda34a38: ;   {runtime_call SafepointBlob}
  0x0000023fcda34a38: 00e9 4263 | 4407 498b | 8728 0400 | 0049 c787 | 2804 0000 | 0000 0000 | 49c7 8730 | 0400 0000 
  0x0000023fcda34a58: 0000 0048 | 83c4 705d 

  0x0000023fcda34a60: ;   {runtime_call unwind_exception Runtime1 stub}
  0x0000023fcda34a60: e91b 9c4f | 07f4 f4f4 
[Exception Handler]
  0x0000023fcda34a68: ;   {no_reloc}
  0x0000023fcda34a68: e813 cc4f 

  0x0000023fcda34a6c: ;   {external_word}
  0x0000023fcda34a6c: 0748 b9b0 | 339b d2ff | 7f00 0048 

  0x0000023fcda34a78: ;   {runtime_call}
  0x0000023fcda34a78: 83e4 f048 | b860 1d67 | d2ff 7f00 | 00ff d0f4 
[Deopt Handler Code]
  0x0000023fcda34a88: ;   {section_word}
  0x0000023fcda34a88: 49ba 884a | a3cd 3f02 | 0000 4152 

  0x0000023fcda34a94: ;   {runtime_call DeoptimizationBlob}
  0x0000023fcda34a94: e987 5544 

  0x0000023fcda34a98: ;   {static_stub}
  0x0000023fcda34a98: 0748 bb90 | db04 803f 

  0x0000023fcda34aa0: ;   {runtime_call I2C/C2I adapters}
  0x0000023fcda34aa0: 0200 00e9 | af4d 4407 

  0x0000023fcda34aa8: ;   {static_stub}
  0x0000023fcda34aa8: 48bb 0000 | 0000 0000 

  0x0000023fcda34ab0: ;   {runtime_call}
  0x0000023fcda34ab0: 0000 e9fb | ffff fff4 
[/MachCode]


Compiled method (c1)    2197  502   !   3       java.security.AccessController::doPrivileged (26 bytes)
 total in heap  [0x0000023fcd9a1510,0x0000023fcd9a1e40] = 2352
 relocation     [0x0000023fcd9a1658,0x0000023fcd9a1700] = 168
 main code      [0x0000023fcd9a1700,0x0000023fcd9a1b50] = 1104
 stub code      [0x0000023fcd9a1b50,0x0000023fcd9a1bd8] = 136
 metadata       [0x0000023fcd9a1bd8,0x0000023fcd9a1bf8] = 32
 scopes data    [0x0000023fcd9a1bf8,0x0000023fcd9a1cc8] = 208
 scopes pcs     [0x0000023fcd9a1cc8,0x0000023fcd9a1db8] = 240
 dependencies   [0x0000023fcd9a1db8,0x0000023fcd9a1dc0] = 8
 handler table  [0x0000023fcd9a1dc0,0x0000023fcd9a1e30] = 112
 nul chk table  [0x0000023fcd9a1e30,0x0000023fcd9a1e40] = 16

[Constant Pool (empty)]

[MachCode]
[Verified Entry Point]
  # {method} {0x0000023f80473878} 'doPrivileged' '(Ljava/security/PrivilegedExceptionAction;Ljava/security/AccessControlContext;)Ljava/lang/Object;' in 'java/security/AccessController'
  # parm0:    rdx:rdx   = 'java/security/PrivilegedExceptionAction'
  # parm1:    r8:r8     = 'java/security/AccessControlContext'
  #           [sp+0x80]  (sp of caller)
  0x0000023fcd9a1700: 8984 2400 | 80ff ff55 | 4883 ec70 | 4181 7f20 | 0100 0000 

  0x0000023fcd9a1714: ;   {runtime_call StubRoutines (2)}
  0x0000023fcd9a1714: 7405 e8c5 

  0x0000023fcd9a1718: ;   {metadata(method data for {method} {0x0000023f80473878} 'doPrivileged' '(Ljava/security/PrivilegedExceptionAction;Ljava/security/AccessControlContext;)Ljava/lang/Object;' in 'java/security/AccessController')}
  0x0000023fcd9a1718: 6f4b 0748 | bef0 7e46 | e03f 0200 | 008b becc | 0000 0083 | c702 89be | cc00 0000 | 81e7 fe07 
  0x0000023fcd9a1738: 0000 83ff | 000f 84fb | 0200 004c | 8944 2440 | 4889 5424 

  0x0000023fcd9a174c: ;   {metadata(method data for {method} {0x0000023f80473878} 'doPrivileged' '(Ljava/security/PrivilegedExceptionAction;Ljava/security/AccessControlContext;)Ljava/lang/Object;' in 'java/security/AccessController')}
  0x0000023fcd9a174c: 4848 bef0 | 7e46 e03f | 0200 0048 | 8386 1001 

  0x0000023fcd9a175c: ;   {static_call}
  0x0000023fcd9a175c: 0000 01e8 

  0x0000023fcd9a1760: ; ImmutableOopMap {[64]=Oop [72]=Oop }
                      ;*invokestatic getCallerClass {reexecute=0 rethrow=0 return_oop=0}
                      ; - java.security.AccessController::doPrivileged@0 (line 711)
  0x0000023fcd9a1760: dcf6 a207 

  0x0000023fcd9a1764: ;   {metadata(method data for {method} {0x0000023f80473878} 'doPrivileged' '(Ljava/security/PrivilegedExceptionAction;Ljava/security/AccessControlContext;)Ljava/lang/Object;' in 'java/security/AccessController')}
  0x0000023fcd9a1764: 48ba f07e | 46e0 3f02 | 0000 4883 | 8220 0100 | 0001 488b | 5424 404c | 8bc0 4889 | 4424 500f 
  0x0000023fcd9a1784: ;   {static_call}
  0x0000023fcd9a1784: 1f40 00e8 

  0x0000023fcd9a1788: ; ImmutableOopMap {[72]=Oop [80]=Oop }
                      ;*invokestatic checkContext {reexecute=0 rethrow=0 return_oop=0}
                      ; - java.security.AccessController::doPrivileged@6 (line 712)
  0x0000023fcd9a1788: 2804 0000 | 4889 4424 

  0x0000023fcd9a1790: ;   {metadata(method data for {method} {0x0000023f80473878} 'doPrivileged' '(Ljava/security/PrivilegedExceptionAction;Ljava/security/AccessControlContext;)Ljava/lang/Object;' in 'java/security/AccessController')}
  0x0000023fcd9a1790: 5848 baf0 | 7e46 e03f | 0200 0048 | 8382 3001 

  0x0000023fcd9a17a0: ;   {metadata(method data for {method} {0x0000023f80473b00} 'executePrivileged' '(Ljava/security/PrivilegedExceptionAction;Ljava/security/AccessControlContext;Ljava/lang/Class;)Ljava/lang/Object;' in 'java/security/AccessController')}
  0x0000023fcd9a17a0: 0000 0148 | bae0 8a4d | e03f 0200 | 008b b2cc | 0000 0083 | c602 89b2 | cc00 0000 | 81e6 feff 
  0x0000023fcd9a17c0: 1f00 83fe | 000f 8494 | 0200 0048 

  0x0000023fcd9a17cc: ;   {metadata(method data for {method} {0x0000023f80473b00} 'executePrivileged' '(Ljava/security/PrivilegedExceptionAction;Ljava/security/AccessControlContext;Ljava/lang/Class;)Ljava/lang/Object;' in 'java/security/AccessController')}
  0x0000023fcd9a17cc: 83f8 0048 | bae0 8a4d | e03f 0200 | 0048 be10 | 0100 0000 | 0000 000f | 840a 0000 | 0048 be20 
  0x0000023fcd9a17ec: 0100 0000 | 0000 0048 | 8b3c 3248 | 8d7f 0148 | 893c 320f | 841f 0000 

  0x0000023fcd9a1804: ;   {metadata(method data for {method} {0x0000023f80473b00} 'executePrivileged' '(Ljava/security/PrivilegedExceptionAction;Ljava/security/AccessControlContext;Ljava/lang/Class;)Ljava/lang/Object;' in 'java/security/AccessController')}
  0x0000023fcd9a1804: 0048 bae0 | 8a4d e03f | 0200 0048 | 8382 3001 | 0000 0148 | 8bd0 0f1f 

  0x0000023fcd9a181c: ;   {static_call}
  0x0000023fcd9a181c: 4400 00e8 

  0x0000023fcd9a1820: ; ImmutableOopMap {[72]=Oop [80]=Oop [88]=Oop }
                      ;*invokestatic ensureMaterializedForStackWalk {reexecute=0 rethrow=0 return_oop=0}
                      ; - java.security.AccessController::executePrivileged@5 (line 805)
                      ; - java.security.AccessController::doPrivileged@13 (line 714)
  0x0000023fcd9a1820: 1cc5 a307 

  0x0000023fcd9a1824: ;   {metadata(method data for {method} {0x0000023f80473b00} 'executePrivileged' '(Ljava/security/PrivilegedExceptionAction;Ljava/security/AccessControlContext;Ljava/lang/Class;)Ljava/lang/Object;' in 'java/security/AccessController')}
  0x0000023fcd9a1824: 48ba e08a | 4de0 3f02 | 0000 ff82 | 4001 0000 | 488b 5424 | 4848 3b02 

  0x0000023fcd9a183c: ;   {metadata(method data for {method} {0x0000023f80473b00} 'executePrivileged' '(Ljava/security/PrivilegedExceptionAction;Ljava/security/AccessControlContext;Ljava/lang/Class;)Ljava/lang/Object;' in 'java/security/AccessController')}
  0x0000023fcd9a183c: 488b f248 | bfe0 8a4d | e03f 0200 | 008b 7608 | 49ba 0000 | 0080 3f02 | 0000 4903 | f248 3bb7 
  0x0000023fcd9a185c: b001 0000 | 750d 4883 | 87b8 0100 | 0001 e960 | 0000 0048 | 3bb7 c001 | 0000 750d | 4883 87c8 
  0x0000023fcd9a187c: 0100 0001 | e94a 0000 | 0048 83bf | b001 0000 | 0075 1748 | 89b7 b001 | 0000 48c7 | 87b8 0100 
  0x0000023fcd9a189c: 0001 0000 | 00e9 2900 | 0000 4883 | bfc0 0100 | 0000 7517 | 4889 b7c0 | 0100 0048 | c787 c801 
  0x0000023fcd9a18bc: 0000 0100 | 0000 e908 | 0000 0048 | 8387 a001 | 0000 0166 | 0f1f 4400 | 0048 b8ff | ffff ffff 
  0x0000023fcd9a18dc: ;   {virtual_call}
  0x0000023fcd9a18dc: ffff ffe8 

  0x0000023fcd9a18e0: ; ImmutableOopMap {[80]=Oop [88]=Oop }
                      ;*invokeinterface run {reexecute=0 rethrow=0 return_oop=0}
                      ; - java.security.AccessController::executePrivileged@29 (line 809)
                      ; - java.security.AccessController::doPrivileged@13 (line 714)
  0x0000023fcd9a18e0: 3cf5 4c07 

  0x0000023fcd9a18e4: ;   {metadata(method data for {method} {0x0000023f80473b00} 'executePrivileged' '(Ljava/security/PrivilegedExceptionAction;Ljava/security/AccessControlContext;Ljava/lang/Class;)Ljava/lang/Object;' in 'java/security/AccessController')}
  0x0000023fcd9a18e4: 48ba e08a | 4de0 3f02 | 0000 ff82 | d801 0000 | 488b 5424 

  0x0000023fcd9a18f8: ;   {metadata(method data for {method} {0x0000023f80473b00} 'executePrivileged' '(Ljava/security/PrivilegedExceptionAction;Ljava/security/AccessControlContext;Ljava/lang/Class;)Ljava/lang/Object;' in 'java/security/AccessController')}
  0x0000023fcd9a18f8: 5049 b8e0 | 8a4d e03f | 0200 0049 | 8380 3802 

  0x0000023fcd9a1908: ;   {metadata(method data for {method} {0x0000023f8003d7e0} 'reachabilityFence' '(Ljava/lang/Object;)V' in 'java/lang/ref/Reference')}
  0x0000023fcd9a1908: 0000 0149 | b868 1b44 | e03f 0200 | 0041 8bb0 | cc00 0000 | 83c6 0241 | 89b0 cc00 | 0000 81e6 
  0x0000023fcd9a1928: feff 1f00 | 83fe 000f | 8450 0100 

  0x0000023fcd9a1934: ;   {metadata(method data for {method} {0x0000023f80473b00} 'executePrivileged' '(Ljava/security/PrivilegedExceptionAction;Ljava/security/AccessControlContext;Ljava/lang/Class;)Ljava/lang/Object;' in 'java/security/AccessController')}
  0x0000023fcd9a1934: 0048 bae0 | 8a4d e03f | 0200 0048 | 8382 4802 

  0x0000023fcd9a1944: ;   {metadata(method data for {method} {0x0000023f8003d7e0} 'reachabilityFence' '(Ljava/lang/Object;)V' in 'java/lang/ref/Reference')}
  0x0000023fcd9a1944: 0000 0148 | ba68 1b44 | e03f 0200 | 0044 8b82 | cc00 0000 | 4183 c002 | 4489 82cc | 0000 0041 
  0x0000023fcd9a1964: 81e0 feff | 1f00 4183 | f800 0f84 | 3201 0000 | 4883 c470 

  0x0000023fcd9a1978: ;   {poll_return}
  0x0000023fcd9a1978: 5d49 3ba7 | 7803 0000 | 0f87 4101 | 0000 c349 | 8b87 2804 | 0000 4d33 | d24d 8997 | 2804 0000 
  0x0000023fcd9a1998: 4d33 d24d | 8997 3004 | 0000 4c8b 

  0x0000023fcd9a19a4: ;   {metadata(method data for {method} {0x0000023f80473878} 'doPrivileged' '(Ljava/security/PrivilegedExceptionAction;Ljava/security/AccessControlContext;)Ljava/lang/Object;' in 'java/security/AccessController')}
  0x0000023fcd9a19a4: c048 baf0 | 7e46 e03f | 0200 0048 | 8382 4001 

  0x0000023fcd9a19b4: ;   {metadata(method data for {method} {0x0000023f80473438} 'wrapException' '(Ljava/lang/Exception;)Ljava/security/PrivilegedActionException;' in 'java/security/AccessController')}
  0x0000023fcd9a19b4: 0000 0148 | ba88 8d4d | e03f 0200 | 008b 82cc | 0000 0083 | c002 8982 | cc00 0000 | 25fe ff1f 
  0x0000023fcd9a19d4: 0083 f800 | 0f84 ff00 | 0000 6690 

  0x0000023fcd9a19e0: ;   {no_reloc}
  0x0000023fcd9a19e0: e928 0100 | 0000 0000 | 0000 e928 | 0100 0048 

  0x0000023fcd9a19f0: ;   {metadata(method data for {method} {0x0000023f80473438} 'wrapException' '(Ljava/lang/Exception;)Ljava/security/PrivilegedActionException;' in 'java/security/AccessController')}
  0x0000023fcd9a19f0: 8bd0 48be | 888d 4de0 | 3f02 0000 | 4883 8610 | 0100 0001 | 488b d048 | 8944 2460 

  0x0000023fcd9a1a0c: ;   {optimized virtual_call}
  0x0000023fcd9a1a0c: 6666 90e8 

  0x0000023fcd9a1a10: ; ImmutableOopMap {[96]=Oop }
                      ;*invokespecial <init> {reexecute=0 rethrow=0 return_oop=0}
                      ; - java.security.AccessController::wrapException@5 (line 830)
                      ; - java.security.AccessController::doPrivileged@22 (line 718)
  0x0000023fcd9a1a10: ec26 4d07 | 488b 4424 | 60e9 2301 | 0000 498b | 8728 0400 | 004d 33d2 | 4d89 9728 | 0400 004d 
  0x0000023fcd9a1a30: 33d2 4d89 | 9730 0400 | 00e9 0301 

  0x0000023fcd9a1a3c: ;   {metadata({method} {0x0000023f80473878} 'doPrivileged' '(Ljava/security/PrivilegedExceptionAction;Ljava/security/AccessControlContext;)Ljava/lang/Object;' in 'java/security/AccessController')}
  0x0000023fcd9a1a3c: 0000 49ba | 7038 4780 | 3f02 0000 | 4c89 5424 | 0848 c704 | 24ff ffff 

  0x0000023fcd9a1a54: ;   {runtime_call counter_overflow Runtime1 stub}
  0x0000023fcd9a1a54: ffe8 262f 

  0x0000023fcd9a1a58: ; ImmutableOopMap {rdx=Oop r8=Oop }
                      ;*synchronization entry
                      ; - java.security.AccessController::doPrivileged@-1 (line 711)
  0x0000023fcd9a1a58: 5907 e9e4 

  0x0000023fcd9a1a5c: ;   {metadata({method} {0x0000023f80473b00} 'executePrivileged' '(Ljava/security/PrivilegedExceptionAction;Ljava/security/AccessControlContext;Ljava/lang/Class;)Ljava/lang/Object;' in 'java/security/AccessController')}
  0x0000023fcd9a1a5c: fcff ff49 | baf8 3a47 | 803f 0200 | 004c 8954 | 2408 48c7 | 0424 ffff 

  0x0000023fcd9a1a74: ;   {runtime_call counter_overflow Runtime1 stub}
  0x0000023fcd9a1a74: ffff e805 

  0x0000023fcd9a1a78: ; ImmutableOopMap {rax=Oop [72]=Oop [80]=Oop [88]=Oop }
                      ;*synchronization entry
                      ; - java.security.AccessController::executePrivileged@-1 (line 804)
                      ; - java.security.AccessController::doPrivileged@13 (line 714)
  0x0000023fcd9a1a78: 2f59 07e9 | 4bfd ffff 

  0x0000023fcd9a1a80: ;   {runtime_call throw_null_pointer_exception Runtime1 stub}
  0x0000023fcd9a1a80: e8fb dd58 

  0x0000023fcd9a1a84: ; ImmutableOopMap {rdx=Oop [80]=Oop [88]=Oop }
                      ;*invokeinterface run {reexecute=0 rethrow=0 return_oop=0}
                      ; - java.security.AccessController::executePrivileged@29 (line 809)
                      ; - java.security.AccessController::doPrivileged@13 (line 714)
                      ;   {metadata({method} {0x0000023f8003d7e0} 'reachabilityFence' '(Ljava/lang/Object;)V' in 'java/lang/ref/Reference')}
  0x0000023fcd9a1a84: 0749 bad8 | d703 803f | 0200 004c | 8954 2408 | 48c7 0424 | ffff ffff 

  0x0000023fcd9a1a9c: ;   {runtime_call counter_overflow Runtime1 stub}
  0x0000023fcd9a1a9c: e8df 2e59 

  0x0000023fcd9a1aa0: ; ImmutableOopMap {rax=Oop rdx=Oop }
                      ;*synchronization entry
                      ; - java.lang.ref.Reference::reachabilityFence@-1 (line 628)
                      ; - java.security.AccessController::executePrivileged@56 (line 814)
                      ; - java.security.AccessController::doPrivileged@13 (line 714)
  0x0000023fcd9a1aa0: 07e9 8ffe 

  0x0000023fcd9a1aa4: ;   {metadata({method} {0x0000023f8003d7e0} 'reachabilityFence' '(Ljava/lang/Object;)V' in 'java/lang/ref/Reference')}
  0x0000023fcd9a1aa4: ffff 49ba | d8d7 0380 | 3f02 0000 | 4c89 5424 | 0848 c704 | 24ff ffff 

  0x0000023fcd9a1abc: ;   {runtime_call counter_overflow Runtime1 stub}
  0x0000023fcd9a1abc: ffe8 be2e 

  0x0000023fcd9a1ac0: ; ImmutableOopMap {rax=Oop }
                      ;*synchronization entry
                      ; - java.lang.ref.Reference::reachabilityFence@-1 (line 628)
                      ; - java.security.AccessController::executePrivileged@60 (line 815)
                      ; - java.security.AccessController::doPrivileged@13 (line 714)
  0x0000023fcd9a1ac0: 5907 e9ad 

  0x0000023fcd9a1ac4: ;   {internal_word}
  0x0000023fcd9a1ac4: feff ff49 | ba79 199a | cd3f 0200 | 004d 8997 | 9003 0000 

  0x0000023fcd9a1ad8: ;   {runtime_call SafepointBlob}
  0x0000023fcd9a1ad8: e9a3 924d 

  0x0000023fcd9a1adc: ;   {metadata({method} {0x0000023f80473438} 'wrapException' '(Ljava/lang/Exception;)Ljava/security/PrivilegedActionException;' in 'java/security/AccessController')}
  0x0000023fcd9a1adc: 0749 ba30 | 3447 803f | 0200 004c | 8954 2408 | 48c7 0424 | ffff ffff 

  0x0000023fcd9a1af4: ;   {runtime_call counter_overflow Runtime1 stub}
  0x0000023fcd9a1af4: e887 2e59 

  0x0000023fcd9a1af8: ; ImmutableOopMap {r8=Oop }
                      ;*synchronization entry
                      ; - java.security.AccessController::wrapException@-1 (line 830)
                      ; - java.security.AccessController::doPrivileged@22 (line 718)
  0x0000023fcd9a1af8: 07e9 e0fe 

  0x0000023fcd9a1afc: ;   {metadata(NULL)}
  0x0000023fcd9a1afc: ffff 48ba | 0000 0000 | 0000 0000 | b800 0f05 

  0x0000023fcd9a1b0c: ;   {runtime_call load_klass_patching Runtime1 stub}
  0x0000023fcd9a1b0c: 0ae8 ee1d 

  0x0000023fcd9a1b10: ; ImmutableOopMap {r8=Oop }
                      ;*new {reexecute=1 rethrow=0 return_oop=0}
                      ; - (reexecute) java.security.AccessController::wrapException@0 (line 830)
                      ; - java.security.AccessController::doPrivileged@22 (line 718)
  0x0000023fcd9a1b10: 5907 e9c9 | feff ff48 

  0x0000023fcd9a1b18: ;   {runtime_call new_instance Runtime1 stub}
  0x0000023fcd9a1b18: 8bd2 e861 

  0x0000023fcd9a1b1c: ; ImmutableOopMap {r8=Oop }
                      ;*new {reexecute=0 rethrow=0 return_oop=0}
                      ; - java.security.AccessController::wrapException@0 (line 830)
                      ; - java.security.AccessController::doPrivileged@22 (line 718)
  0x0000023fcd9a1b1c: e358 07e9 | cbfe ffff | 498b 8728 | 0400 0049 | c787 2804 | 0000 0000 | 0000 49c7 | 8730 0400 
  0x0000023fcd9a1b3c: 0000 0000 | 0048 83c4 

  0x0000023fcd9a1b44: ;   {runtime_call unwind_exception Runtime1 stub}
  0x0000023fcd9a1b44: 705d e935 | cb58 07f4 | f4f4 f4f4 
[Stub Code]
  0x0000023fcd9a1b50: ;   {no_reloc}
  0x0000023fcd9a1b50: 0f1f 4400 

  0x0000023fcd9a1b54: ;   {static_stub}
  0x0000023fcd9a1b54: 0048 bb00 | 0000 0000 

  0x0000023fcd9a1b5c: ;   {runtime_call}
  0x0000023fcd9a1b5c: 0000 00e9 | fbff ffff 

  0x0000023fcd9a1b64: ;   {static_stub}
  0x0000023fcd9a1b64: 9048 bb00 | 0000 0000 

  0x0000023fcd9a1b6c: ;   {runtime_call}
  0x0000023fcd9a1b6c: 0000 00e9 | fbff ffff 
[Exception Handler]
  0x0000023fcd9a1b74: ;   {runtime_call handle_exception_from_callee Runtime1 stub}
  0x0000023fcd9a1b74: e807 fb58 

  0x0000023fcd9a1b78: ;   {external_word}
  0x0000023fcd9a1b78: 0748 b9b0 | 339b d2ff | 7f00 0048 

  0x0000023fcd9a1b84: ;   {runtime_call}
  0x0000023fcd9a1b84: 83e4 f048 | b860 1d67 | d2ff 7f00 | 00ff d0f4 
[Deopt Handler Code]
  0x0000023fcd9a1b94: ;   {section_word}
  0x0000023fcd9a1b94: 49ba 941b | 9acd 3f02 | 0000 4152 

  0x0000023fcd9a1ba0: ;   {runtime_call DeoptimizationBlob}
  0x0000023fcd9a1ba0: e97b 844d 

  0x0000023fcd9a1ba4: ;   {static_stub}
  0x0000023fcd9a1ba4: 0748 bb00 | 0000 0000 

  0x0000023fcd9a1bac: ;   {runtime_call}
  0x0000023fcd9a1bac: 0000 00e9 | fbff ffff 

  0x0000023fcd9a1bb4: ;   {static_stub}
  0x0000023fcd9a1bb4: 48bb e034 | 4780 3f02 

  0x0000023fcd9a1bbc: ;   {runtime_call I2C/C2I adapters}
  0x0000023fcd9a1bbc: 0000 e994 

  0x0000023fcd9a1bc0: ;   {static_stub}
  0x0000023fcd9a1bc0: 7c4d 0748 | bb78 3947 | 803f 0200 

  0x0000023fcd9a1bcc: ;   {runtime_call I2C/C2I adapters}
  0x0000023fcd9a1bcc: 00e9 016f | 4d07 f4f4 | f4f4 f4f4 
[/MachCode]


---------------  P R O C E S S  ---------------

Threads class SMR info:
_java_thread_list=0x0000023fe44937f0, length=11, elements={
0x0000023fc5814950, 0x0000023fdffd87b0, 0x0000023fdffd9750, 0x0000023fdffdf5e0,
0x0000023fdffdd9e0, 0x0000023fdffe2f40, 0x0000023fdffe5890, 0x0000023fe0017a70,
0x0000023fe0018590, 0x0000023fe44b2460, 0x0000023fe44bf660
}

Java Threads: ( => current thread )
=>0x0000023fc5814950 JavaThread "main" [_thread_in_vm, id=16728, stack(0x000000bee9800000,0x000000bee9900000)]
  0x0000023fdffd87b0 JavaThread "Reference Handler" daemon [_thread_blocked, id=6540, stack(0x000000bee9f00000,0x000000beea000000)]
  0x0000023fdffd9750 JavaThread "Finalizer" daemon [_thread_blocked, id=18364, stack(0x000000beea000000,0x000000beea100000)]
  0x0000023fdffdf5e0 JavaThread "Signal Dispatcher" daemon [_thread_blocked, id=13924, stack(0x000000beea100000,0x000000beea200000)]
  0x0000023fdffdd9e0 JavaThread "Attach Listener" daemon [_thread_blocked, id=8824, stack(0x000000beea200000,0x000000beea300000)]
  0x0000023fdffe2f40 JavaThread "Service Thread" daemon [_thread_blocked, id=11884, stack(0x000000beea300000,0x000000beea400000)]
  0x0000023fdffe5890 JavaThread "Monitor Deflation Thread" daemon [_thread_blocked, id=8800, stack(0x000000beea400000,0x000000beea500000)]
  0x0000023fe0017a70 JavaThread "C2 CompilerThread0" daemon [_thread_blocked, id=7684, stack(0x000000beea500000,0x000000beea600000)]
  0x0000023fe0018590 JavaThread "C1 CompilerThread0" daemon [_thread_blocked, id=13764, stack(0x000000beea600000,0x000000beea700000)]
  0x0000023fe44b2460 JavaThread "Notification Thread" daemon [_thread_blocked, id=248, stack(0x000000beea700000,0x000000beea800000)]
  0x0000023fe44bf660 JavaThread "Common-Cleaner" daemon [_thread_blocked, id=10024, stack(0x000000beea900000,0x000000beeaa00000)]

Other Threads:
  0x0000023fc58ce890 VMThread "VM Thread" [stack: 0x000000bee9e00000,0x000000bee9f00000] [id=628]
  0x0000023fe44b8de0 WatcherThread "VM Periodic Task Thread" [stack: 0x000000beea800000,0x000000beea900000] [id=17204]
  0x0000023fc584fda0 WorkerThread "GC Thread#0" [stack: 0x000000bee9900000,0x000000bee9a00000] [id=17192]
  0x0000023fc58591c0 ConcurrentGCThread "G1 Main Marker" [stack: 0x000000bee9a00000,0x000000bee9b00000] [id=15596]
  0x0000023fc5859d90 WorkerThread "G1 Conc#0" [stack: 0x000000bee9b00000,0x000000bee9c00000] [id=19076]
  0x0000023fc58ab0d0 ConcurrentGCThread "G1 Refine#0" [stack: 0x000000bee9c00000,0x000000bee9d00000] [id=18216]
  0x0000023fc58abb70 ConcurrentGCThread "G1 Service" [stack: 0x000000bee9d00000,0x000000bee9e00000] [id=17880]

Threads with active compile tasks:

VM state: not at safepoint (normal execution)

VM Mutex/Monitor currently owned by a thread:  ([mutex/lock_event])
[0x0000023fc580d870] Metaspace_lock - owner thread: 0x0000023fc5814950

Heap address: 0x00000000ca200000, size: 862 MB, Compressed Oops mode: 32-bit

CDS archive(s) mapped at: [0x0000023f80000000-0x0000023f80c60000-0x0000023f80c60000), size 12976128, SharedBaseAddress: 0x0000023f80000000, ArchiveRelocationMode: 1.
Compressed class space mapped at: 0x0000023f81000000-0x0000023fc1000000, reserved size: 1073741824
Narrow klass base: 0x0000023f80000000, Narrow klass shift: 0, Narrow klass range: 0x100000000

GC Precious Log:
 CardTable entry size: 512
 Card Set container configuration: InlinePtr #cards 5 size 8 Array Of Cards #cards 12 size 40 Howl #buckets 4 coarsen threshold 1843 Howl Bitmap #cards 512 size 80 coarsen threshold 460 Card regions per heap region 1 cards per card region 2048
 CPUs: 4 total, 4 available
 Memory: 3447M
 Large Page Support: Disabled
 NUMA Support: Disabled
 Compressed Oops: Enabled (32-bit)
 Heap Region Size: 1M
 Heap Min Capacity: 8M
 Heap Initial Capacity: 54M
 Heap Max Capacity: 862M
 Pre-touch: Disabled
 Parallel Workers: 4
 Concurrent Workers: 1
 Concurrent Refinement Workers: 4
 Periodic GC: Disabled

Heap:
 garbage-first heap   total 55296K, used 10240K [0x00000000ca200000, 0x0000000100000000)
  region size 1024K, 11 young (11264K), 0 survivors (0K)
 Metaspace       used 2739K, committed 2880K, reserved 1114112K
  class space    used 260K, committed 320K, reserved 1048576K

Heap Regions: E=young(eden), S=young(survivor), O=old, HS=humongous(starts), HC=humongous(continues), CS=collection set, F=free, OA=open archive, CA=closed archive, TAMS=top-at-mark-start, PB=parsable bottom
|   0|0x00000000ca200000, 0x00000000ca200000, 0x00000000ca300000|  0%| F|  |TAMS 0x00000000ca200000| PB 0x00000000ca200000| Untracked 
|   1|0x00000000ca300000, 0x00000000ca300000, 0x00000000ca400000|  0%| F|  |TAMS 0x00000000ca300000| PB 0x00000000ca300000| Untracked 
|   2|0x00000000ca400000, 0x00000000ca400000, 0x00000000ca500000|  0%| F|  |TAMS 0x00000000ca400000| PB 0x00000000ca400000| Untracked 
|   3|0x00000000ca500000, 0x00000000ca500000, 0x00000000ca600000|  0%| F|  |TAMS 0x00000000ca500000| PB 0x00000000ca500000| Untracked 
|   4|0x00000000ca600000, 0x00000000ca600000, 0x00000000ca700000|  0%| F|  |TAMS 0x00000000ca600000| PB 0x00000000ca600000| Untracked 
|   5|0x00000000ca700000, 0x00000000ca700000, 0x00000000ca800000|  0%| F|  |TAMS 0x00000000ca700000| PB 0x00000000ca700000| Untracked 
|   6|0x00000000ca800000, 0x00000000ca800000, 0x00000000ca900000|  0%| F|  |TAMS 0x00000000ca800000| PB 0x00000000ca800000| Untracked 
|   7|0x00000000ca900000, 0x00000000ca900000, 0x00000000caa00000|  0%| F|  |TAMS 0x00000000ca900000| PB 0x00000000ca900000| Untracked 
|   8|0x00000000caa00000, 0x00000000caa00000, 0x00000000cab00000|  0%| F|  |TAMS 0x00000000caa00000| PB 0x00000000caa00000| Untracked 
|   9|0x00000000cab00000, 0x00000000cab00000, 0x00000000cac00000|  0%| F|  |TAMS 0x00000000cab00000| PB 0x00000000cab00000| Untracked 
|  10|0x00000000cac00000, 0x00000000cac00000, 0x00000000cad00000|  0%| F|  |TAMS 0x00000000cac00000| PB 0x00000000cac00000| Untracked 
|  11|0x00000000cad00000, 0x00000000cad00000, 0x00000000cae00000|  0%| F|  |TAMS 0x00000000cad00000| PB 0x00000000cad00000| Untracked 
|  12|0x00000000cae00000, 0x00000000cae00000, 0x00000000caf00000|  0%| F|  |TAMS 0x00000000cae00000| PB 0x00000000cae00000| Untracked 
|  13|0x00000000caf00000, 0x00000000caf00000, 0x00000000cb000000|  0%| F|  |TAMS 0x00000000caf00000| PB 0x00000000caf00000| Untracked 
|  14|0x00000000cb000000, 0x00000000cb000000, 0x00000000cb100000|  0%| F|  |TAMS 0x00000000cb000000| PB 0x00000000cb000000| Untracked 
|  15|0x00000000cb100000, 0x00000000cb100000, 0x00000000cb200000|  0%| F|  |TAMS 0x00000000cb100000| PB 0x00000000cb100000| Untracked 
|  16|0x00000000cb200000, 0x00000000cb200000, 0x00000000cb300000|  0%| F|  |TAMS 0x00000000cb200000| PB 0x00000000cb200000| Untracked 
|  17|0x00000000cb300000, 0x00000000cb300000, 0x00000000cb400000|  0%| F|  |TAMS 0x00000000cb300000| PB 0x00000000cb300000| Untracked 
|  18|0x00000000cb400000, 0x00000000cb400000, 0x00000000cb500000|  0%| F|  |TAMS 0x00000000cb400000| PB 0x00000000cb400000| Untracked 
|  19|0x00000000cb500000, 0x00000000cb500000, 0x00000000cb600000|  0%| F|  |TAMS 0x00000000cb500000| PB 0x00000000cb500000| Untracked 
|  20|0x00000000cb600000, 0x00000000cb600000, 0x00000000cb700000|  0%| F|  |TAMS 0x00000000cb600000| PB 0x00000000cb600000| Untracked 
|  21|0x00000000cb700000, 0x00000000cb700000, 0x00000000cb800000|  0%| F|  |TAMS 0x00000000cb700000| PB 0x00000000cb700000| Untracked 
|  22|0x00000000cb800000, 0x00000000cb800000, 0x00000000cb900000|  0%| F|  |TAMS 0x00000000cb800000| PB 0x00000000cb800000| Untracked 
|  23|0x00000000cb900000, 0x00000000cb900000, 0x00000000cba00000|  0%| F|  |TAMS 0x00000000cb900000| PB 0x00000000cb900000| Untracked 
|  24|0x00000000cba00000, 0x00000000cba00000, 0x00000000cbb00000|  0%| F|  |TAMS 0x00000000cba00000| PB 0x00000000cba00000| Untracked 
|  25|0x00000000cbb00000, 0x00000000cbb00000, 0x00000000cbc00000|  0%| F|  |TAMS 0x00000000cbb00000| PB 0x00000000cbb00000| Untracked 
|  26|0x00000000cbc00000, 0x00000000cbc00000, 0x00000000cbd00000|  0%| F|  |TAMS 0x00000000cbc00000| PB 0x00000000cbc00000| Untracked 
|  27|0x00000000cbd00000, 0x00000000cbd00000, 0x00000000cbe00000|  0%| F|  |TAMS 0x00000000cbd00000| PB 0x00000000cbd00000| Untracked 
|  28|0x00000000cbe00000, 0x00000000cbe00000, 0x00000000cbf00000|  0%| F|  |TAMS 0x00000000cbe00000| PB 0x00000000cbe00000| Untracked 
|  29|0x00000000cbf00000, 0x00000000cbf00000, 0x00000000cc000000|  0%| F|  |TAMS 0x00000000cbf00000| PB 0x00000000cbf00000| Untracked 
|  30|0x00000000cc000000, 0x00000000cc000000, 0x00000000cc100000|  0%| F|  |TAMS 0x00000000cc000000| PB 0x00000000cc000000| Untracked 
|  31|0x00000000cc100000, 0x00000000cc100000, 0x00000000cc200000|  0%| F|  |TAMS 0x00000000cc100000| PB 0x00000000cc100000| Untracked 
|  32|0x00000000cc200000, 0x00000000cc200000, 0x00000000cc300000|  0%| F|  |TAMS 0x00000000cc200000| PB 0x00000000cc200000| Untracked 
|  33|0x00000000cc300000, 0x00000000cc300000, 0x00000000cc400000|  0%| F|  |TAMS 0x00000000cc300000| PB 0x00000000cc300000| Untracked 
|  34|0x00000000cc400000, 0x00000000cc400000, 0x00000000cc500000|  0%| F|  |TAMS 0x00000000cc400000| PB 0x00000000cc400000| Untracked 
|  35|0x00000000cc500000, 0x00000000cc500000, 0x00000000cc600000|  0%| F|  |TAMS 0x00000000cc500000| PB 0x00000000cc500000| Untracked 
|  36|0x00000000cc600000, 0x00000000cc600000, 0x00000000cc700000|  0%| F|  |TAMS 0x00000000cc600000| PB 0x00000000cc600000| Untracked 
|  37|0x00000000cc700000, 0x00000000cc700000, 0x00000000cc800000|  0%| F|  |TAMS 0x00000000cc700000| PB 0x00000000cc700000| Untracked 
|  38|0x00000000cc800000, 0x00000000cc800000, 0x00000000cc900000|  0%| F|  |TAMS 0x00000000cc800000| PB 0x00000000cc800000| Untracked 
|  39|0x00000000cc900000, 0x00000000cc900000, 0x00000000cca00000|  0%| F|  |TAMS 0x00000000cc900000| PB 0x00000000cc900000| Untracked 
|  40|0x00000000cca00000, 0x00000000cca00000, 0x00000000ccb00000|  0%| F|  |TAMS 0x00000000cca00000| PB 0x00000000cca00000| Untracked 
|  41|0x00000000ccb00000, 0x00000000ccb00000, 0x00000000ccc00000|  0%| F|  |TAMS 0x00000000ccb00000| PB 0x00000000ccb00000| Untracked 
|  42|0x00000000ccc00000, 0x00000000ccc00000, 0x00000000ccd00000|  0%| F|  |TAMS 0x00000000ccc00000| PB 0x00000000ccc00000| Untracked 
|  43|0x00000000ccd00000, 0x00000000ccd44960, 0x00000000cce00000| 26%| E|  |TAMS 0x00000000ccd00000| PB 0x00000000ccd00000| Complete 
|  44|0x00000000cce00000, 0x00000000ccf00000, 0x00000000ccf00000|100%| E|CS|TAMS 0x00000000cce00000| PB 0x00000000cce00000| Complete 
|  45|0x00000000ccf00000, 0x00000000cd000000, 0x00000000cd000000|100%| E|CS|TAMS 0x00000000ccf00000| PB 0x00000000ccf00000| Complete 
|  46|0x00000000cd000000, 0x00000000cd100000, 0x00000000cd100000|100%| E|CS|TAMS 0x00000000cd000000| PB 0x00000000cd000000| Complete 
|  47|0x00000000cd100000, 0x00000000cd200000, 0x00000000cd200000|100%| E|CS|TAMS 0x00000000cd100000| PB 0x00000000cd100000| Complete 
|  48|0x00000000cd200000, 0x00000000cd300000, 0x00000000cd300000|100%| E|CS|TAMS 0x00000000cd200000| PB 0x00000000cd200000| Complete 
|  49|0x00000000cd300000, 0x00000000cd400000, 0x00000000cd400000|100%| E|CS|TAMS 0x00000000cd300000| PB 0x00000000cd300000| Complete 
|  50|0x00000000cd400000, 0x00000000cd500000, 0x00000000cd500000|100%| E|CS|TAMS 0x00000000cd400000| PB 0x00000000cd400000| Complete 
|  51|0x00000000cd500000, 0x00000000cd600000, 0x00000000cd600000|100%| E|CS|TAMS 0x00000000cd500000| PB 0x00000000cd500000| Complete 
|  52|0x00000000cd600000, 0x00000000cd700000, 0x00000000cd700000|100%| E|CS|TAMS 0x00000000cd600000| PB 0x00000000cd600000| Complete 
|  53|0x00000000cd700000, 0x00000000cd800000, 0x00000000cd800000|100%| E|CS|TAMS 0x00000000cd700000| PB 0x00000000cd700000| Complete 

Card table byte_map: [0x0000023fdca90000,0x0000023fdcc40000] _byte_map_base: 0x0000023fdc43f000

Marking Bits: (CMBitMap*) 0x0000023fc58503d0
 Bits: [0x0000023fdcdf0000, 0x0000023fddb68000)

Polling page: 0x0000023fc39a0000

Metaspace:

Usage:
  Non-class:      2.42 MB used.
      Class:    260.03 KB used.
       Both:      2.68 MB used.

Virtual space:
  Non-class space:       64.00 MB reserved,       2.50 MB (  4%) committed,  1 nodes.
      Class space:        1.00 GB reserved,     320.00 KB ( <1%) committed,  1 nodes.
             Both:        1.06 GB reserved,       2.81 MB ( <1%) committed. 

Chunk freelists:
   Non-Class:  2.67 MB
       Class:  3.57 MB
        Both:  6.24 MB

MaxMetaspaceSize: unlimited
CompressedClassSpaceSize: 1.00 GB
Initial GC threshold: 21.00 MB
Current GC threshold: 21.00 MB
CDS: on
MetaspaceReclaimPolicy: balanced
 - commit_granule_bytes: 65536.
 - commit_granule_words: 8192.
 - virtual_space_node_default_size: 8388608.
 - enlarge_chunks_in_place: 1.
 - new_chunks_are_fully_committed: 0.
 - uncommit_free_chunks: 1.
 - use_allocation_guard: 0.


Internal statistics:

num_allocs_failed_limit: 0.
num_arena_births: 28.
num_arena_deaths: 0.
num_vsnodes_births: 2.
num_vsnodes_deaths: 0.
num_space_committed: 45.
num_space_uncommitted: 0.
num_chunks_returned_to_freelist: 0.
num_chunks_taken_from_freelist: 98.
num_chunk_merges: 0.
num_chunk_splits: 66.
num_chunks_enlarged: 53.
num_inconsistent_stats: 0.

CodeHeap 'non-profiled nmethods': size=120000Kb used=236Kb max_used=236Kb free=119763Kb
 bounds [0x0000023fd53b0000, 0x0000023fd5620000, 0x0000023fdc8e0000]
CodeHeap 'profiled nmethods': size=120000Kb used=1417Kb max_used=1417Kb free=118582Kb
 bounds [0x0000023fcd8e0000, 0x0000023fcdb50000, 0x0000023fd4e10000]
CodeHeap 'non-nmethods': size=5760Kb used=1392Kb max_used=1405Kb free=4367Kb
 bounds [0x0000023fd4e10000, 0x0000023fd5080000, 0x0000023fd53b0000]
 total_blobs=1226 nmethods=787 adapters=350
 compilation: enabled
              stopped_count=0, restarted_count=0
 full_count=0

Compilation events (20 events):
Event: 2.005 Thread 0x0000023fe0018590  778   !   3       jdk.internal.loader.URLClassPath$FileLoader::getResource (153 bytes)
Event: 2.006 Thread 0x0000023fe0018590 nmethod 778 0x0000023fcda39f90 code [0x0000023fcda3a2a0, 0x0000023fcda3b3c0]
Event: 2.007 Thread 0x0000023fe0017a70  779 %     4       java.lang.StringCoding::countPositives @ 7 (33 bytes)
Event: 2.011 Thread 0x0000023fe0017a70 nmethod 779% 0x0000023fd53e9510 code [0x0000023fd53e9680, 0x0000023fd53e9870]
Event: 2.016 Thread 0x0000023fe0018590  780       3       java.util.zip.ZipFile::getZipEntry (322 bytes)
Event: 2.017 Thread 0x0000023fe0017a70  781       4       java.util.jar.JarFile::getEntry (35 bytes)
Event: 2.018 Thread 0x0000023fe0018590 nmethod 780 0x0000023fcda3bc90 code [0x0000023fcda3c0e0, 0x0000023fcda3e710]
Event: 2.021 Thread 0x0000023fe0017a70 nmethod 781 0x0000023fd53e9990 code [0x0000023fd53e9b60, 0x0000023fd53ea140]
Event: 2.021 Thread 0x0000023fe0017a70  782   !   4       jdk.internal.loader.URLClassPath$JarLoader::getResource (65 bytes)
Event: 2.024 Thread 0x0000023fe0018590  783   !   3       org.codehaus.plexus.classworlds.realm.ClassRealm::loadClass (33 bytes)
Event: 2.024 Thread 0x0000023fe0018590 nmethod 783 0x0000023fcda3f590 code [0x0000023fcda3f740, 0x0000023fcda3f9c8]
Event: 2.024 Thread 0x0000023fe0018590  784   !   3       java.lang.ClassLoader::loadClass (121 bytes)
Event: 2.024 Thread 0x0000023fe0018590 nmethod 784 0x0000023fcda3fb90 code [0x0000023fcda3fe40, 0x0000023fcda40af8]
Event: 2.027 Thread 0x0000023fe0017a70 nmethod 782 0x0000023fd53ea490 code [0x0000023fd53ea680, 0x0000023fd53eae60]
Event: 2.028 Thread 0x0000023fe0018590  785       3       org.codehaus.plexus.classworlds.realm.ClassRealm::getImportClassLoader (47 bytes)
Event: 2.029 Thread 0x0000023fe0018590 nmethod 785 0x0000023fcda41190 code [0x0000023fcda41380, 0x0000023fcda41980]
Event: 2.029 Thread 0x0000023fe0018590  786       3       java.util.TreeSet::iterator (15 bytes)
Event: 2.029 Thread 0x0000023fe0018590 nmethod 786 0x0000023fcda41b90 code [0x0000023fcda41d40, 0x0000023fcda41f90]
Event: 2.029 Thread 0x0000023fe0018590  787       3       java.util.TreeMap::navigableKeySet (27 bytes)
Event: 2.029 Thread 0x0000023fe0018590 nmethod 787 0x0000023fcda42090 code [0x0000023fcda42240, 0x0000023fcda42630]

GC Heap History (0 events):
No events

Dll operation events (8 events):
Event: 0.037 Loaded shared library C:\Program Files\Java\jdk-20\bin\java.dll
Event: 0.109 Loaded shared library C:\Program Files\Java\jdk-20\bin\jsvml.dll
Event: 0.229 Loaded shared library C:\Program Files\Java\jdk-20\bin\net.dll
Event: 0.237 Loaded shared library C:\Program Files\Java\jdk-20\bin\nio.dll
Event: 0.243 Loaded shared library C:\Program Files\Java\jdk-20\bin\zip.dll
Event: 0.548 Loaded shared library C:\Program Files\Java\jdk-20\bin\jimage.dll
Event: 1.140 Loaded shared library C:\Program Files\NetBeans-17\netbeans\java\maven\lib\jansi-native\Windows\x86_64\jansi.dll
Event: 1.220 Loaded shared library C:\Program Files\Java\jdk-20\bin\verify.dll

Deoptimization events (20 events):
Event: 1.448 Thread 0x0000023fc5814950 DEOPT PACKING pc=0x0000023fd53c0f64 sp=0x000000bee98fe010
Event: 1.448 Thread 0x0000023fc5814950 DEOPT UNPACKING pc=0x0000023fd4e79d22 sp=0x000000bee98fdfb8 mode 2
Event: 1.797 Thread 0x0000023fc5814950 Uncommon trap: trap_request=0xffffff45 fr.pc=0x0000023fd53b84bc relative=0x000000000000039c
Event: 1.797 Thread 0x0000023fc5814950 Uncommon trap: reason=unstable_if action=reinterpret pc=0x0000023fd53b84bc method=java.lang.StringLatin1.canEncode(I)Z @ 4 c2
Event: 1.797 Thread 0x0000023fc5814950 DEOPT PACKING pc=0x0000023fd53b84bc sp=0x000000bee98fe650
Event: 1.797 Thread 0x0000023fc5814950 DEOPT UNPACKING pc=0x0000023fd4e79d22 sp=0x000000bee98fe578 mode 2
Event: 1.797 Thread 0x0000023fc5814950 Uncommon trap: trap_request=0xffffff45 fr.pc=0x0000023fd53d17ac relative=0x000000000000038c
Event: 1.797 Thread 0x0000023fc5814950 Uncommon trap: reason=unstable_if action=reinterpret pc=0x0000023fd53d17ac method=java.lang.AbstractStringBuilder.isLatin1()Z @ 10 c2
Event: 1.797 Thread 0x0000023fc5814950 DEOPT PACKING pc=0x0000023fd53d17ac sp=0x000000bee98fe670
Event: 1.797 Thread 0x0000023fc5814950 DEOPT UNPACKING pc=0x0000023fd4e79d22 sp=0x000000bee98fe5f0 mode 2
Event: 1.803 Thread 0x0000023fc5814950 Uncommon trap: trap_request=0xffffff45 fr.pc=0x0000023fd53b62c8 relative=0x0000000000000048
Event: 1.803 Thread 0x0000023fc5814950 Uncommon trap: reason=unstable_if action=reinterpret pc=0x0000023fd53b62c8 method=java.lang.StringLatin1.canEncode(I)Z @ 4 c2
Event: 1.803 Thread 0x0000023fc5814950 DEOPT PACKING pc=0x0000023fd53b62c8 sp=0x000000bee98fe5f0
Event: 1.803 Thread 0x0000023fc5814950 DEOPT UNPACKING pc=0x0000023fd4e79d22 sp=0x000000bee98fe580 mode 2
Event: 1.877 Thread 0x0000023fc5814950 DEOPT PACKING pc=0x0000023fcd9428f5 sp=0x000000bee98fe1c0
Event: 1.877 Thread 0x0000023fc5814950 DEOPT UNPACKING pc=0x0000023fd4e7a4c2 sp=0x000000bee98fd610 mode 0
Event: 1.939 Thread 0x0000023fc5814950 Uncommon trap: trap_request=0xffffff45 fr.pc=0x0000023fd53d62cc relative=0x00000000000000cc
Event: 1.939 Thread 0x0000023fc5814950 Uncommon trap: reason=unstable_if action=reinterpret pc=0x0000023fd53d62cc method=java.util.concurrent.locks.ReentrantLock$Sync.tryRelease(I)Z @ 26 c2
Event: 1.939 Thread 0x0000023fc5814950 DEOPT PACKING pc=0x0000023fd53d62cc sp=0x000000bee98fdf50
Event: 1.939 Thread 0x0000023fc5814950 DEOPT UNPACKING pc=0x0000023fd4e79d22 sp=0x000000bee98fdef0 mode 2

Classes loaded (20 events):
Event: 1.685 Loading class java/lang/TypeNotPresentException
Event: 1.685 Loading class java/lang/TypeNotPresentException done
Event: 1.700 Loading class java/util/concurrent/atomic/AtomicReference
Event: 1.701 Loading class java/util/concurrent/atomic/AtomicReference done
Event: 1.719 Loading class java/text/ParseException
Event: 1.719 Loading class java/text/ParseException done
Event: 1.737 Loading class sun/util/calendar/ZoneInfoFile$Checksum
Event: 1.738 Loading class sun/util/calendar/ZoneInfoFile$Checksum done
Event: 1.740 Loading class jdk/internal/module/ModulePatcher$PatchedModuleReader
Event: 1.740 Loading class jdk/internal/module/ModulePatcher$PatchedModuleReader done
Event: 1.740 Loading class sun/net/www/protocol/jrt/Handler
Event: 1.741 Loading class sun/net/www/protocol/jrt/Handler done
Event: 1.776 Loading class sun/text/resources/cldr/FormatData_en
Event: 1.795 Loading class sun/text/resources/cldr/FormatData_en done
Event: 1.796 Loading class sun/text/resources/cldr/FormatData_en_US
Event: 1.796 Loading class sun/text/resources/cldr/FormatData_en_US done
Event: 1.889 Loading class java/lang/ArrayIndexOutOfBoundsException
Event: 1.890 Loading class java/lang/ArrayIndexOutOfBoundsException done
Event: 1.901 Loading class java/io/FilterReader
Event: 1.902 Loading class java/io/FilterReader done

Classes unloaded (0 events):
No events

Classes redefined (0 events):
No events

Internal exceptions (10 events):
Event: 0.507 Thread 0x0000023fc5814950 Exception <a 'java/lang/NoSuchMethodError'{0x00000000cd46e738}: 'java.lang.Object java.lang.invoke.Invokers$Holder.invokeExact_MT(java.lang.Object, java.lang.Object, java.lang.Object, java.lang.Object, java.lang.Object)'> (0x00000000cd46e738) 
thrown [s\open\src\hotspot\share\interpreter\linkResolver.cpp, line 773]
Event: 0.540 Thread 0x0000023fc5814950 Exception <a 'java/lang/NullPointerException'{0x00000000cd4c4338}> (0x00000000cd4c4338) 
thrown [s\open\src\hotspot\share\interpreter\linkResolver.cpp, line 1373]
Event: 1.158 Thread 0x0000023fc5814950 Exception <a 'java/lang/NullPointerException'{0x00000000cd31bdb8}> (0x00000000cd31bdb8) 
thrown [s\open\src\hotspot\share\interpreter\linkResolver.cpp, line 1373]
Event: 1.158 Thread 0x0000023fc5814950 Exception <a 'java/lang/NullPointerException'{0x00000000cd31c098}> (0x00000000cd31c098) 
thrown [s\open\src\hotspot\share\interpreter\linkResolver.cpp, line 1373]
Event: 1.158 Thread 0x0000023fc5814950 Exception <a 'java/lang/NullPointerException'{0x00000000cd31c378}> (0x00000000cd31c378) 
thrown [s\open\src\hotspot\share\interpreter\linkResolver.cpp, line 1373]
Event: 1.160 Thread 0x0000023fc5814950 Exception <a 'java/lang/NullPointerException'{0x00000000cd321150}> (0x00000000cd321150) 
thrown [s\open\src\hotspot\share\interpreter\linkResolver.cpp, line 1373]
Event: 1.168 Thread 0x0000023fc5814950 Exception <a 'java/lang/NullPointerException'{0x00000000cd333b70}> (0x00000000cd333b70) 
thrown [s\open\src\hotspot\share\interpreter\linkResolver.cpp, line 1373]
Event: 1.168 Thread 0x0000023fc5814950 Exception <a 'java/lang/NullPointerException'{0x00000000cd333e50}> (0x00000000cd333e50) 
thrown [s\open\src\hotspot\share\interpreter\linkResolver.cpp, line 1373]
Event: 1.168 Thread 0x0000023fc5814950 Exception <a 'java/lang/NullPointerException'{0x00000000cd334130}> (0x00000000cd334130) 
thrown [s\open\src\hotspot\share\interpreter\linkResolver.cpp, line 1373]
Event: 1.168 Thread 0x0000023fc5814950 Exception <a 'java/lang/NullPointerException'{0x00000000cd334410}> (0x00000000cd334410) 
thrown [s\open\src\hotspot\share\interpreter\linkResolver.cpp, line 1373]

VM Operations (10 events):
Event: 0.245 Executing VM operation: HandshakeAllThreads
Event: 0.245 Executing VM operation: HandshakeAllThreads done
Event: 0.538 Executing VM operation: HandshakeAllThreads
Event: 0.538 Executing VM operation: HandshakeAllThreads done
Event: 0.554 Executing VM operation: HandshakeAllThreads
Event: 0.555 Executing VM operation: HandshakeAllThreads done
Event: 1.556 Executing VM operation: Cleanup
Event: 1.556 Executing VM operation: Cleanup done
Event: 1.704 Executing VM operation: HandshakeAllThreads
Event: 1.704 Executing VM operation: HandshakeAllThreads done

Events (11 events):
Event: 0.112 Thread 0x0000023fc5814950 Thread added: 0x0000023fc5814950
Event: 0.167 Thread 0x0000023fdffd87b0 Thread added: 0x0000023fdffd87b0
Event: 0.167 Thread 0x0000023fdffd9750 Thread added: 0x0000023fdffd9750
Event: 0.168 Thread 0x0000023fdffdf5e0 Thread added: 0x0000023fdffdf5e0
Event: 0.168 Thread 0x0000023fdffdd9e0 Thread added: 0x0000023fdffdd9e0
Event: 0.168 Thread 0x0000023fdffe2f40 Thread added: 0x0000023fdffe2f40
Event: 0.168 Thread 0x0000023fdffe5890 Thread added: 0x0000023fdffe5890
Event: 0.169 Thread 0x0000023fe0017a70 Thread added: 0x0000023fe0017a70
Event: 0.169 Thread 0x0000023fe0018590 Thread added: 0x0000023fe0018590
Event: 0.199 Thread 0x0000023fe44b2460 Thread added: 0x0000023fe44b2460
Event: 0.219 Thread 0x0000023fe44bf660 Thread added: 0x0000023fe44bf660


Dynamic libraries:
0x00007ff72e7e0000 - 0x00007ff72e7f0000 	C:\Program Files\Java\jdk-20\bin\java.exe
0x00007ff82daf0000 - 0x00007ff82dd07000 	C:\WINDOWS\SYSTEM32\ntdll.dll
0x00007ff82c750000 - 0x00007ff82c814000 	C:\WINDOWS\System32\KERNEL32.DLL
0x00007ff82b250000 - 0x00007ff82b607000 	C:\WINDOWS\System32\KERNELBASE.dll
0x00007ff82afa0000 - 0x00007ff82b0b1000 	C:\WINDOWS\System32\ucrtbase.dll
0x00007ff807d20000 - 0x00007ff807d39000 	C:\Program Files\Java\jdk-20\bin\jli.dll
0x00007ff82d380000 - 0x00007ff82d432000 	C:\WINDOWS\System32\ADVAPI32.dll
0x00007ff82c880000 - 0x00007ff82c927000 	C:\WINDOWS\System32\msvcrt.dll
0x00007ff82d760000 - 0x00007ff82d808000 	C:\WINDOWS\System32\sechost.dll
0x00007ff82b680000 - 0x00007ff82b6a8000 	C:\WINDOWS\System32\bcrypt.dll
0x00007ff82d5a0000 - 0x00007ff82d6b4000 	C:\WINDOWS\System32\RPCRT4.dll
0x00007ff8267c0000 - 0x00007ff8267db000 	C:\Program Files\Java\jdk-20\bin\VCRUNTIME140.dll
0x00007ff82b9a0000 - 0x00007ff82bb4f000 	C:\WINDOWS\System32\USER32.dll
0x00007ff82b180000 - 0x00007ff82b1a6000 	C:\WINDOWS\System32\win32u.dll
0x00007ff82c830000 - 0x00007ff82c859000 	C:\WINDOWS\System32\GDI32.dll
0x00007ff82ae80000 - 0x00007ff82af98000 	C:\WINDOWS\System32\gdi32full.dll
0x00007ff82b1b0000 - 0x00007ff82b24a000 	C:\WINDOWS\System32\msvcp_win.dll
0x00007ff819530000 - 0x00007ff8197c3000 	C:\WINDOWS\WinSxS\amd64_microsoft.windows.common-controls_6595b64144ccf1df_6.0.22621.3672_none_2713b9d173822955\COMCTL32.dll
0x00007ff821910000 - 0x00007ff82191a000 	C:\WINDOWS\SYSTEM32\VERSION.dll
0x00007ff82cdb0000 - 0x00007ff82cde1000 	C:\WINDOWS\System32\IMM32.DLL
0x00007ff826860000 - 0x00007ff82686c000 	C:\Program Files\Java\jdk-20\bin\vcruntime140_1.dll
0x00007ffffa2c0000 - 0x00007ffffa34e000 	C:\Program Files\Java\jdk-20\bin\msvcp140.dll
0x00007fffd2060000 - 0x00007fffd2cf8000 	C:\Program Files\Java\jdk-20\bin\server\jvm.dll
0x00007ff81ca00000 - 0x00007ff81ca09000 	C:\WINDOWS\SYSTEM32\WSOCK32.dll
0x00007ff82b920000 - 0x00007ff82b991000 	C:\WINDOWS\System32\WS2_32.dll
0x00007ff824030000 - 0x00007ff824064000 	C:\WINDOWS\SYSTEM32\WINMM.dll
0x00007ff829e30000 - 0x00007ff829e48000 	C:\WINDOWS\SYSTEM32\kernel.appcore.dll
0x00007ff8240e0000 - 0x00007ff8240ea000 	C:\Program Files\Java\jdk-20\bin\jimage.dll
0x00007ff828980000 - 0x00007ff828bb2000 	C:\WINDOWS\SYSTEM32\DBGHELP.DLL
0x00007ff82bb50000 - 0x00007ff82bede000 	C:\WINDOWS\System32\combase.dll
0x00007ff82d9c0000 - 0x00007ff82da97000 	C:\WINDOWS\System32\OLEAUT32.dll
0x00007ff811fb0000 - 0x00007ff811fe2000 	C:\WINDOWS\SYSTEM32\dbgcore.DLL
0x00007ff82ae00000 - 0x00007ff82ae7b000 	C:\WINDOWS\System32\bcryptPrimitives.dll
0x00007ff817d30000 - 0x00007ff817d56000 	C:\Program Files\Java\jdk-20\bin\java.dll
0x00007ff800550000 - 0x00007ff800627000 	C:\Program Files\Java\jdk-20\bin\jsvml.dll
0x00007ff82bee0000 - 0x00007ff82c749000 	C:\WINDOWS\System32\SHELL32.dll
0x00007ff828d20000 - 0x00007ff82961f000 	C:\WINDOWS\SYSTEM32\windows.storage.dll
0x00007ff828be0000 - 0x00007ff828d1f000 	C:\WINDOWS\SYSTEM32\wintypes.dll
0x00007ff82d4a0000 - 0x00007ff82d599000 	C:\WINDOWS\System32\SHCORE.dll
0x00007ff82cb70000 - 0x00007ff82cbce000 	C:\WINDOWS\System32\shlwapi.dll
0x00007ff82ad30000 - 0x00007ff82ad57000 	C:\WINDOWS\SYSTEM32\profapi.dll
0x00007ff81d8b0000 - 0x00007ff81d8c3000 	C:\Program Files\Java\jdk-20\bin\net.dll
0x00007ff823ce0000 - 0x00007ff823e16000 	C:\WINDOWS\SYSTEM32\WINHTTP.dll
0x00007ff82a2c0000 - 0x00007ff82a329000 	C:\WINDOWS\system32\mswsock.dll
0x00007ff81c170000 - 0x00007ff81c186000 	C:\Program Files\Java\jdk-20\bin\nio.dll
0x00007ff817d10000 - 0x00007ff817d28000 	C:\Program Files\Java\jdk-20\bin\zip.dll
0x0000000069ac0000 - 0x0000000069ae4000 	C:\Program Files\NetBeans-17\netbeans\java\maven\lib\jansi-native\Windows\x86_64\jansi.dll
0x00007ff817c20000 - 0x00007ff817c30000 	C:\Program Files\Java\jdk-20\bin\verify.dll

dbghelp: loaded successfully - version: 4.0.5 - missing functions: none
symbol engine: initialized successfully - sym options: 0x614 - pdb path: .;C:\Program Files\Java\jdk-20\bin;C:\WINDOWS\SYSTEM32;C:\WINDOWS\WinSxS\amd64_microsoft.windows.common-controls_6595b64144ccf1df_6.0.22621.3672_none_2713b9d173822955;C:\Program Files\Java\jdk-20\bin\server;C:\Program Files\NetBeans-17\netbeans\java\maven\lib\jansi-native\Windows\x86_64

VM Arguments:
jvm_args: -Dclassworlds.conf=C:\Program Files\NetBeans-17\netbeans\java\maven\bin\m2.conf -Dmaven.home=C:\Program Files\NetBeans-17\netbeans\java\maven -Dlibrary.jansi.path=C:\Program Files\NetBeans-17\netbeans\java\maven\lib\jansi-native -Dmaven.multiModuleProjectDirectory=C:\Users\JOHN\Documents\Java\JavaNotesProfessional 
java_command: org.codehaus.plexus.classworlds.launcher.Launcher -Dexec.vmArgs= -Dexec.args=${exec.vmArgs} -classpath %classpath ${exec.mainClass} ${exec.appArgs} -Dexec.appArgs= -Dexec.mainClass=com.mycompany.javanotesprofessional.JavaNotesProfessional -Dexec.executable=C:\Program Files\Java\jdk-20\bin\java.exe -Dmaven.ext.class.path=C:\Program Files\NetBeans-17\netbeans\java\maven-nblib\netbeans-eventspy.jar --no-transfer-progress org.codehaus.mojo:exec-maven-plugin:3.1.0:exec
java_class_path (initial): C:\Program Files\NetBeans-17\netbeans\java\maven\boot\plexus-classworlds-2.6.0.jar
Launcher Type: SUN_STANDARD

[Global flags]
     intx CICompilerCount                          = 3                                         {product} {ergonomic}
     uint ConcGCThreads                            = 1                                         {product} {ergonomic}
     uint G1ConcRefinementThreads                  = 4                                         {product} {ergonomic}
   size_t G1HeapRegionSize                         = 1048576                                   {product} {ergonomic}
    uintx GCDrainStackTargetSize                   = 64                                        {product} {ergonomic}
   size_t InitialHeapSize                          = 56623104                                  {product} {ergonomic}
   size_t MarkStackSize                            = 4194304                                   {product} {ergonomic}
   size_t MaxHeapSize                              = 903872512                                 {product} {ergonomic}
   size_t MaxNewSize                               = 542113792                                 {product} {ergonomic}
   size_t MinHeapDeltaBytes                        = 1048576                                   {product} {ergonomic}
   size_t MinHeapSize                              = 8388608                                   {product} {ergonomic}
    uintx NonNMethodCodeHeapSize                   = 5832780                                {pd product} {ergonomic}
    uintx NonProfiledCodeHeapSize                  = 122912730                              {pd product} {ergonomic}
    uintx ProfiledCodeHeapSize                     = 122912730                              {pd product} {ergonomic}
    uintx ReservedCodeCacheSize                    = 251658240                              {pd product} {ergonomic}
     bool SegmentedCodeCache                       = true                                      {product} {ergonomic}
   size_t SoftMaxHeapSize                          = 903872512                              {manageable} {ergonomic}
     bool UseCompressedClassPointers               = true                           {product lp64_product} {ergonomic}
     bool UseCompressedOops                        = true                           {product lp64_product} {ergonomic}
     bool UseG1GC                                  = true                                      {product} {ergonomic}
     bool UseLargePagesIndividualAllocation        = false                                  {pd product} {ergonomic}

Logging:
Log output configuration:
 #0: stdout all=warning uptime,level,tags foldmultilines=false
 #1: stderr all=off uptime,level,tags foldmultilines=false

Environment Variables:
JAVA_HOME=C:\Program Files\Java\jdk-20
PATH=C:\Python312\Scripts\;C:\Python312\;C:\Program Files\Common Files\Oracle\Java\javapath;C:\Program Files (x86)\Common Files\Oracle\Java\javapath;C:\WINDOWS\system32;C:\WINDOWS;C:\WINDOWS\System32\Wbem;C:\WINDOWS\System32\WindowsPowerShell\v1.0\;C:\WINDOWS\System32\OpenSSH\;C:\Program Files\Git\cmd;C:\Program Files\Docker\Docker\resources\bin;C:\ProgramData\DockerDesktop\version-bin;C:\Program Files\nodejs\;C:\ProgramData\chocolatey\bin;C:\Program Files\dotnet\;C:\Program Files\Microsoft SQL Server\150\Tools\Binn\;C:\Program Files\Microsoft SQL Server\Client SDK\ODBC\170\Tools\Binn\;C:\Users\apache-maven-3.9.6\bin;C:\Ruby31-x64\bin;C:\Users\JOHN\AppData\Local\Microsoft\WindowsApps;C:\Program Files\heroku\bin;C:\Users\JOHN\AppData\Local\Programs\Microsoft VS Code\bin;C:\Program Files\JetBrains\IntelliJ IDEA Community Edition 2023.2.4\bin;;C:\Users\JOHN\AppData\Roaming\npm;C:\Users\JOHN\.dotnet\tools;C:\Users\apache-maven-3.9.6\bin;
USERNAME=JOHN
OS=Windows_NT
PROCESSOR_IDENTIFIER=AMD64 Family 23 Model 96 Stepping 1, AuthenticAMD
TMP=C:\Users\JOHN\AppData\Local\Temp
TEMP=C:\Users\JOHN\AppData\Local\Temp




---------------  S Y S T E M  ---------------

OS:
 Windows 11 , 64 bit Build 22621 (10.0.22621.3958)
OS uptime: 1 days 3:42 hours
Hyper-V role detected

CPU: total 4 (initial active 4) (4 cores per cpu, 1 threads per core) family 23 model 96 stepping 1 microcode 0x0, cx8, cmov, fxsr, mmx, 3dnowpref, sse, sse2, sse3, ssse3, sse4a, sse4.1, sse4.2, popcnt, lzcnt, tsc, tscinvbit, avx, avx2, aes, clmul, bmi1, bmi2, adx, sha, fma, vzeroupper, clflush, clflushopt, hv, rdtscp, rdpid, f16c

Memory: 4k page, system-wide physical 3447M (41M free)
TotalPageFile size 14199M (AvailPageFile size 0M)
current process WorkingSet (physical memory assigned to process): 57M, peak: 57M
current process commit charge ("private bytes"): 136M, peak: 136M

vm_info: Java HotSpot(TM) 64-Bit Server VM (20.0.2+9-78) for windows-amd64 JRE (20.0.2+9-78), built on 2023-06-14T10:08:48Z by "mach5one" with MS VC++ 17.1 (VS2022)

END.
