#
# There is insufficient memory for the Java Runtime Environment to continue.
# Native memory allocation (mmap) failed to map 56623104 bytes for G1 virtual space
# Possible reasons:
#   The system is out of physical RAM or swap space
#   The process is running with CompressedOops enabled, and the Java Heap may be blocking the growth of the native heap
# Possible solutions:
#   Reduce memory load on the system
#   Increase physical memory or swap space
#   Check if swap backing store is full
#   Decrease Java heap size (-Xmx/-Xms)
#   Decrease number of Java threads
#   Decrease Java thread stack sizes (-Xss)
#   Set larger code cache with -XX:ReservedCodeCacheSize=
#   JVM is running with Unscaled Compressed Oops mode in which the Java heap is
#     placed in the first 4GB address space. The Java Heap base address is the
#     maximum limit for the native heap growth. Please use -XX:HeapBaseMinAddress
#     to set the Java Heap base and to place the Java Heap above 4GB virtual address.
# This output file may be truncated or incomplete.
#
#  Out of Memory Error (os_windows.cpp:3528), pid=18748, tid=2120
#
# JRE version:  (20.0.2+9) (build )
# Java VM: Java HotSpot(TM) 64-Bit Server VM (20.0.2+9-78, mixed mode, sharing, tiered, compressed oops, compressed class ptrs, g1 gc, windows-amd64)
# No core dump will be written. Minidumps are not enabled by default on client versions of Windows
#

---------------  S U M M A R Y ------------

Command Line: com.mycompany.javanotesprofessional.JavaNotesProfessional

Host: AMD Ryzen 3 4300U with Radeon Graphics         , 4 cores, 3G,  Windows 11 , 64 bit Build 22621 (10.0.22621.3958)
Time: Sat Oct 26 14:08:44 2024 Hora est. Pacífico, Sudamérica elapsed time: 0.027740 seconds (0d 0h 0m 0s)

---------------  T H R E A D  ---------------

Current thread (0x0000018d89d647f0):  JavaThread "Unknown thread" [_thread_in_vm, id=2120, stack(0x0000002657800000,0x0000002657900000)]

Stack: [0x0000002657800000,0x0000002657900000]
Native frames: (J=compiled Java code, j=interpreted, Vv=VM code, C=native code)
V  [jvm.dll+0x6bc25a]
V  [jvm.dll+0x84971a]
V  [jvm.dll+0x84b315]
V  [jvm.dll+0x84ba13]
V  [jvm.dll+0x280e4f]
V  [jvm.dll+0x6b8fe9]
V  [jvm.dll+0x6adbca]
V  [jvm.dll+0x35b165]
V  [jvm.dll+0x363386]
V  [jvm.dll+0x3b400e]
V  [jvm.dll+0x3b4295]
V  [jvm.dll+0x32b86a]
V  [jvm.dll+0x32c68b]
V  [jvm.dll+0x8123df]
V  [jvm.dll+0x3c1261]
V  [jvm.dll+0x7fe103]
V  [jvm.dll+0x44ccaf]
V  [jvm.dll+0x44e621]
C  [jli.dll+0x5287]
C  [ucrtbase.dll+0x29333]
C  [KERNEL32.DLL+0x1257d]
C  [ntdll.dll+0x5af08]


---------------  P R O C E S S  ---------------

Threads class SMR info:
_java_thread_list=0x00007fffd2bbb118, length=0, elements={
}

Java Threads: ( => current thread )

Other Threads:
  0x0000018d89d9fc40 WorkerThread "GC Thread#0" [stack: 0x0000002657900000,0x0000002657a00000] [id=13668]
  0x0000018d89da7710 ConcurrentGCThread "G1 Main Marker" [stack: 0x0000002657a00000,0x0000002657b00000] [id=6692]
  0x0000018d89da8140 WorkerThread "G1 Conc#0" [stack: 0x0000002657b00000,0x0000002657c00000] [id=19936]

[error occurred during error reporting (printing all threads), id 0xc0000005, EXCEPTION_ACCESS_VIOLATION (0xc0000005) at pc=0x00007fffd239eea7]
VM state: not at safepoint (not fully initialized)

VM Mutex/Monitor currently owned by a thread:  ([mutex/lock_event])
[0x0000018d89c1a7a0] Heap_lock - owner thread: 0x0000018d89d647f0

Heap address: 0x00000000ca200000, size: 862 MB, Compressed Oops mode: 32-bit

CDS archive(s) mapped at: [0x0000000000000000-0x0000000000000000-0x0000000000000000), size 0, SharedBaseAddress: 0x0000000800000000, ArchiveRelocationMode: 1.
Narrow klass base: 0x0000000000000000, Narrow klass shift: 0, Narrow klass range: 0x0

GC Precious Log:
 CardTable entry size: 512
 Card Set container configuration: InlinePtr #cards 5 size 8 Array Of Cards #cards 12 size 40 Howl #buckets 4 coarsen threshold 1843 Howl Bitmap #cards 512 size 80 coarsen threshold 460 Card regions per heap region 1 cards per card region 2048

Heap:
 garbage-first heap   total 0K, used 0K [0x00000000ca200000, 0x0000000100000000)
  region size 1024K, 0 young (0K), 0 survivors (0K)

[error occurred during error reporting (printing heap information), id 0xc0000005, EXCEPTION_ACCESS_VIOLATION (0xc0000005) at pc=0x00007fffd27747b9]
GC Heap History (0 events):
No events

Dll operation events (1 events):
Event: 0.012 Loaded shared library C:\Program Files\Java\jdk-20\bin\java.dll

Deoptimization events (0 events):
No events

Classes loaded (0 events):
No events

Classes unloaded (0 events):
No events

Classes redefined (0 events):
No events

Internal exceptions (0 events):
No events

VM Operations (0 events):
No events

Events (0 events):
No events


Dynamic libraries:
0x00007ff7023a0000 - 0x00007ff7023b0000 	C:\Program Files\Java\jdk-20\bin\java.exe
0x00007ff82daf0000 - 0x00007ff82dd07000 	C:\WINDOWS\SYSTEM32\ntdll.dll
0x00007ff82c750000 - 0x00007ff82c814000 	C:\WINDOWS\System32\KERNEL32.DLL
0x00007ff82b250000 - 0x00007ff82b607000 	C:\WINDOWS\System32\KERNELBASE.dll
0x00007ff82afa0000 - 0x00007ff82b0b1000 	C:\WINDOWS\System32\ucrtbase.dll
0x00007ff808e80000 - 0x00007ff808e99000 	C:\Program Files\Java\jdk-20\bin\jli.dll
0x00007ff8267c0000 - 0x00007ff8267db000 	C:\Program Files\Java\jdk-20\bin\VCRUNTIME140.dll
0x00007ff82d380000 - 0x00007ff82d432000 	C:\WINDOWS\System32\ADVAPI32.dll
0x00007ff82c880000 - 0x00007ff82c927000 	C:\WINDOWS\System32\msvcrt.dll
0x00007ff82d760000 - 0x00007ff82d808000 	C:\WINDOWS\System32\sechost.dll
0x00007ff82b680000 - 0x00007ff82b6a8000 	C:\WINDOWS\System32\bcrypt.dll
0x00007ff82d5a0000 - 0x00007ff82d6b4000 	C:\WINDOWS\System32\RPCRT4.dll
0x00007ff82b9a0000 - 0x00007ff82bb4f000 	C:\WINDOWS\System32\USER32.dll
0x00007ff82b180000 - 0x00007ff82b1a6000 	C:\WINDOWS\System32\win32u.dll
0x00007ff82c830000 - 0x00007ff82c859000 	C:\WINDOWS\System32\GDI32.dll
0x00007ff82ae80000 - 0x00007ff82af98000 	C:\WINDOWS\System32\gdi32full.dll
0x00007ff82b1b0000 - 0x00007ff82b24a000 	C:\WINDOWS\System32\msvcp_win.dll
0x00007ff819530000 - 0x00007ff8197c3000 	C:\WINDOWS\WinSxS\amd64_microsoft.windows.common-controls_6595b64144ccf1df_6.0.22621.3672_none_2713b9d173822955\COMCTL32.dll
0x00007ff821910000 - 0x00007ff82191a000 	C:\WINDOWS\SYSTEM32\VERSION.dll
0x00007ff82cdb0000 - 0x00007ff82cde1000 	C:\WINDOWS\System32\IMM32.DLL
0x00007ff826860000 - 0x00007ff82686c000 	C:\Program Files\Java\jdk-20\bin\vcruntime140_1.dll
0x00007ffffa2c0000 - 0x00007ffffa34e000 	C:\Program Files\Java\jdk-20\bin\msvcp140.dll
0x00007fffd2060000 - 0x00007fffd2cf8000 	C:\Program Files\Java\jdk-20\bin\server\jvm.dll
0x00007ff81ca00000 - 0x00007ff81ca09000 	C:\WINDOWS\SYSTEM32\WSOCK32.dll
0x00007ff82b920000 - 0x00007ff82b991000 	C:\WINDOWS\System32\WS2_32.dll
0x00007ff824030000 - 0x00007ff824064000 	C:\WINDOWS\SYSTEM32\WINMM.dll
0x00007ff829e30000 - 0x00007ff829e48000 	C:\WINDOWS\SYSTEM32\kernel.appcore.dll
0x00007ff8240e0000 - 0x00007ff8240ea000 	C:\Program Files\Java\jdk-20\bin\jimage.dll
0x00007ff828980000 - 0x00007ff828bb2000 	C:\WINDOWS\SYSTEM32\DBGHELP.DLL
0x00007ff82bb50000 - 0x00007ff82bede000 	C:\WINDOWS\System32\combase.dll
0x00007ff82d9c0000 - 0x00007ff82da97000 	C:\WINDOWS\System32\OLEAUT32.dll
0x00007ff811fb0000 - 0x00007ff811fe2000 	C:\WINDOWS\SYSTEM32\dbgcore.DLL
0x00007ff82ae00000 - 0x00007ff82ae7b000 	C:\WINDOWS\System32\bcryptPrimitives.dll
0x00007ff817d30000 - 0x00007ff817d56000 	C:\Program Files\Java\jdk-20\bin\java.dll

dbghelp: loaded successfully - version: 4.0.5 - missing functions: none
symbol engine: initialized successfully - sym options: 0x614 - pdb path: .;C:\Program Files\Java\jdk-20\bin;C:\WINDOWS\SYSTEM32;C:\WINDOWS\WinSxS\amd64_microsoft.windows.common-controls_6595b64144ccf1df_6.0.22621.3672_none_2713b9d173822955;C:\Program Files\Java\jdk-20\bin\server

VM Arguments:
java_command: com.mycompany.javanotesprofessional.JavaNotesProfessional
java_class_path (initial): C:\Users\JOHN\Documents\Java\JavaNotesProfessional\target\classes
Launcher Type: SUN_STANDARD

[Global flags]
     intx CICompilerCount                          = 3                                         {product} {ergonomic}
     uint ConcGCThreads                            = 1                                         {product} {ergonomic}
     uint G1ConcRefinementThreads                  = 4                                         {product} {ergonomic}
   size_t G1HeapRegionSize                         = 1048576                                   {product} {ergonomic}
    uintx GCDrainStackTargetSize                   = 64                                        {product} {ergonomic}
   size_t InitialHeapSize                          = 56623104                                  {product} {ergonomic}
   size_t MarkStackSize                            = 4194304                                   {product} {ergonomic}
   size_t MaxHeapSize                              = 903872512                                 {product} {ergonomic}
   size_t MinHeapDeltaBytes                        = 1048576                                   {product} {ergonomic}
   size_t MinHeapSize                              = 8388608                                   {product} {ergonomic}
    uintx NonNMethodCodeHeapSize                   = 5832780                                {pd product} {ergonomic}
    uintx NonProfiledCodeHeapSize                  = 122912730                              {pd product} {ergonomic}
    uintx ProfiledCodeHeapSize                     = 122912730                              {pd product} {ergonomic}
    uintx ReservedCodeCacheSize                    = 251658240                              {pd product} {ergonomic}
     bool SegmentedCodeCache                       = true                                      {product} {ergonomic}
   size_t SoftMaxHeapSize                          = 903872512                              {manageable} {ergonomic}
     bool UseCompressedClassPointers               = true                           {product lp64_product} {ergonomic}
     bool UseCompressedOops                        = true                           {product lp64_product} {ergonomic}
     bool UseG1GC                                  = true                                      {product} {ergonomic}
     bool UseLargePagesIndividualAllocation        = false                                  {pd product} {ergonomic}

Logging:
Log output configuration:
 #0: stdout all=warning uptime,level,tags foldmultilines=false
 #1: stderr all=off uptime,level,tags foldmultilines=false

Environment Variables:
JAVA_HOME=C:\Program Files\Java\jdk-20
PATH=C:\Python312\Scripts\;C:\Python312\;C:\Program Files\Common Files\Oracle\Java\javapath;C:\Program Files (x86)\Common Files\Oracle\Java\javapath;C:\WINDOWS\system32;C:\WINDOWS;C:\WINDOWS\System32\Wbem;C:\WINDOWS\System32\WindowsPowerShell\v1.0\;C:\WINDOWS\System32\OpenSSH\;C:\Program Files\Git\cmd;C:\Program Files\Docker\Docker\resources\bin;C:\ProgramData\DockerDesktop\version-bin;C:\Program Files\nodejs\;C:\ProgramData\chocolatey\bin;C:\Program Files\dotnet\;C:\Program Files\Microsoft SQL Server\150\Tools\Binn\;C:\Program Files\Microsoft SQL Server\Client SDK\ODBC\170\Tools\Binn\;C:\Users\apache-maven-3.9.6\bin;C:\Ruby31-x64\bin;C:\Users\JOHN\AppData\Local\Microsoft\WindowsApps;C:\Program Files\heroku\bin;C:\Users\JOHN\AppData\Local\Programs\Microsoft VS Code\bin;C:\Program Files\JetBrains\IntelliJ IDEA Community Edition 2023.2.4\bin;;C:\Users\JOHN\AppData\Roaming\npm;C:\Users\JOHN\.dotnet\tools;C:\Users\apache-maven-3.9.6\bin;
USERNAME=JOHN
OS=Windows_NT
PROCESSOR_IDENTIFIER=AMD64 Family 23 Model 96 Stepping 1, AuthenticAMD
TMP=C:\Users\JOHN\AppData\Local\Temp
TEMP=C:\Users\JOHN\AppData\Local\Temp




---------------  S Y S T E M  ---------------

OS:
 Windows 11 , 64 bit Build 22621 (10.0.22621.3958)
OS uptime: 1 days 3:40 hours
Hyper-V role detected

CPU: total 4 (initial active 4) (4 cores per cpu, 1 threads per core) family 23 model 96 stepping 1 microcode 0x0, cx8, cmov, fxsr, mmx, 3dnowpref, sse, sse2, sse3, ssse3, sse4a, sse4.1, sse4.2, popcnt, lzcnt, tsc, tscinvbit, avx, avx2, aes, clmul, bmi1, bmi2, adx, sha, fma, vzeroupper, clflush, clflushopt, hv, rdtscp, rdpid, f16c

Memory: 4k page, system-wide physical 3447M (141M free)
TotalPageFile size 14199M (AvailPageFile size 52M)
current process WorkingSet (physical memory assigned to process): 11M, peak: 11M
current process commit charge ("private bytes"): 51M, peak: 105M

vm_info: Java HotSpot(TM) 64-Bit Server VM (20.0.2+9-78) for windows-amd64 JRE (20.0.2+9-78), built on 2023-06-14T10:08:48Z by "mach5one" with MS VC++ 17.1 (VS2022)

END.
